#
# There is insufficient memory for the Java Runtime Environment to continue.
# Native memory allocation (malloc) failed to allocate 1295296 bytes for Chunk::new
# Possible reasons:
#   The system is out of physical RAM or swap space
#   In 32 bit mode, the process size limit was hit
# Possible solutions:
#   Reduce memory load on the system
#   Increase physical memory or swap space
#   Check if swap backing store is full
#   Use 64 bit Java on a 64 bit OS
#   Decrease Java heap size (-Xmx/-Xms)
#   Decrease number of Java threads
#   Decrease Java thread stack sizes (-Xss)
#   Set larger code cache with -XX:ReservedCodeCacheSize=
# This output file may be truncated or incomplete.
#
#  Out of Memory Error (allocation.cpp:390), pid=9016, tid=0x0000000000000538
#
# JRE version: Java(TM) SE Runtime Environment (8.0_144-b01) (build 1.8.0_144-b01)
# Java VM: Java HotSpot(TM) 64-Bit Server VM (25.144-b01 mixed mode windows-amd64 compressed oops)
# Failed to write core dump. Minidumps are not enabled by default on client versions of Windows
#

---------------  T H R E A D  ---------------

Current thread (0x0000000009a40000):  JavaThread "C2 CompilerThread2" daemon [_thread_in_native, id=1336, stack(0x000000000a500000,0x000000000a600000)]

Stack: [0x000000000a500000,0x000000000a600000]
[error occurred during error reporting (printing stack bounds), id 0xc0000005]

Native frames: (J=compiled Java code, j=interpreted, Vv=VM code, C=native code)


Current CompileTask:
C2:   4202 3388       4       groovy.lang.MetaClassImpl::addMetaMethodToIndex (65 bytes)


---------------  P R O C E S S  ---------------

Java Threads: ( => current thread )
  0x000000000c8c0000 JavaThread "File lock request listener" [_thread_in_native, id=22500, stack(0x000000000ee80000,0x000000000ef80000)]
  0x000000000c8bf000 JavaThread "pool-1-thread-1" [_thread_blocked, id=2608, stack(0x000000000c260000,0x000000000c360000)]
  0x0000000009acb800 JavaThread "Service Thread" daemon [_thread_blocked, id=17288, stack(0x000000000a800000,0x000000000a900000)]
  0x0000000009a44800 JavaThread "C1 CompilerThread3" daemon [_thread_blocked, id=21932, stack(0x000000000a600000,0x000000000a700000)]
=>0x0000000009a40000 JavaThread "C2 CompilerThread2" daemon [_thread_in_native, id=1336, stack(0x000000000a500000,0x000000000a600000)]
  0x0000000009a3b800 JavaThread "C2 CompilerThread1" daemon [_thread_in_native, id=20288, stack(0x000000000a400000,0x000000000a500000)]
  0x0000000009a38000 JavaThread "C2 CompilerThread0" daemon [_thread_in_native, id=20536, stack(0x000000000a300000,0x000000000a400000)]
  0x0000000009a37000 JavaThread "Attach Listener" daemon [_thread_blocked, id=23328, stack(0x000000000a200000,0x000000000a300000)]
  0x0000000009a36000 JavaThread "Signal Dispatcher" daemon [_thread_blocked, id=23280, stack(0x000000000a100000,0x000000000a200000)]
  0x0000000004578800 JavaThread "Finalizer" daemon [_thread_blocked, id=20328, stack(0x0000000009e10000,0x0000000009f10000)]
  0x0000000007b2d000 JavaThread "Reference Handler" daemon [_thread_blocked, id=17084, stack(0x0000000009910000,0x0000000009a10000)]
  0x0000000004481000 JavaThread "main" [_thread_in_vm, id=21632, stack(0x0000000004380000,0x0000000004480000)]

Other Threads:
  0x0000000007b29000 VMThread [stack: 0x0000000009810000,0x0000000009910000] [id=14068]
  0x0000000009afe000 WatcherThread [stack: 0x000000000a900000,0x000000000aa00000] [id=23880]

VM state:not at safepoint (normal execution)

VM Mutex/Monitor currently owned by a thread: None

Heap:
 PSYoungGen      total 163840K, used 21256K [0x0000000740900000, 0x0000000751e00000, 0x00000007c0000000)
  eden space 147456K, 14% used [0x0000000740900000,0x0000000741dc22f0,0x0000000749900000)
  from space 16384K, 0% used [0x0000000749900000,0x0000000749900000,0x000000074a900000)
  to   space 16384K, 0% used [0x0000000750e00000,0x0000000750e00000,0x0000000751e00000)
 ParOldGen       total 211968K, used 19119K [0x0000000641a00000, 0x000000064e900000, 0x0000000740900000)
  object space 211968K, 9% used [0x0000000641a00000,0x0000000642cabda8,0x000000064e900000)
 Metaspace       used 37206K, capacity 37880K, committed 38272K, reserved 1081344K
  class space    used 5160K, capacity 5395K, committed 5504K, reserved 1048576K

Card table byte_map: [0x0000000004940000,0x0000000005540000] byte_map_base: 0x0000000001733000

Marking Bits: (ParMarkBitMap*) 0x000000005f77d850
 Begin Bits: [0x000000001e010000, 0x0000000023fa8000)
 End Bits:   [0x0000000023fa8000, 0x0000000029f40000)

Polling page: 0x0000000004220000

CodeCache: size=245760Kb used=13349Kb max_used=13349Kb free=232411Kb
 bounds [0x000000000f010000, 0x000000000fd20000, 0x000000001e010000]
 total_blobs=4194 nmethods=3517 adapters=589
 compilation: enabled

Compilation events (10 events):
Event: 4.190 Thread 0x0000000009a44800 3549       3       com.sun.xml.internal.bind.v2.model.annotation.RuntimeInlineAnnotationReader::hasClassAnnotation (6 bytes)
Event: 4.190 Thread 0x0000000009a44800 nmethod 3549 0x000000000fd1b390 code [0x000000000fd1b560, 0x000000000fd1bc08]
Event: 4.190 Thread 0x0000000009a44800 3550       3       com.sun.xml.internal.bind.v2.model.nav.ReflectionNavigator::getSuperClass (9 bytes)
Event: 4.190 Thread 0x0000000009a44800 nmethod 3550 0x000000000fd1c010 code [0x000000000fd1c1a0, 0x000000000fd1c608]
Event: 4.190 Thread 0x0000000009a44800 3551       3       com.sun.xml.internal.bind.v2.model.nav.ReflectionNavigator::use (9 bytes)
Event: 4.190 Thread 0x0000000009a44800 nmethod 3551 0x000000000fd1c750 code [0x000000000fd1c8c0, 0x000000000fd1cbd0]
Event: 4.191 Thread 0x0000000009a44800 3552       3       com.sun.xml.internal.bind.v2.model.nav.ReflectionNavigator::use (2 bytes)
Event: 4.191 Thread 0x0000000009a44800 nmethod 3552 0x000000000fd1cc90 code [0x000000000fd1cde0, 0x000000000fd1cf30]
Event: 4.191 Thread 0x0000000009a44800 3553       3       java.util.logging.LogManager::getProperty (9 bytes)
Event: 4.192 Thread 0x0000000009a44800 nmethod 3553 0x000000000fd1cf90 code [0x000000000fd1d100, 0x000000000fd1d328]

GC Heap History (10 events):
Event: 1.916 GC heap before
{Heap before GC invocations=3 (full 1):
 PSYoungGen      total 114688K, used 10323K [0x0000000740900000, 0x000000074e900000, 0x00000007c0000000)
  eden space 98304K, 0% used [0x0000000740900000,0x0000000740900000,0x0000000746900000)
  from space 16384K, 63% used [0x0000000747900000,0x0000000748314ee8,0x0000000748900000)
  to   space 16384K, 0% used [0x0000000746900000,0x0000000746900000,0x0000000747900000)
 ParOldGen       total 262144K, used 24K [0x0000000641a00000, 0x0000000651a00000, 0x0000000740900000)
  object space 262144K, 0% used [0x0000000641a00000,0x0000000641a06000,0x0000000651a00000)
 Metaspace       used 20929K, capacity 21162K, committed 21296K, reserved 1067008K
  class space    used 2871K, capacity 2934K, committed 2944K, reserved 1048576K
Event: 1.943 GC heap after
Heap after GC invocations=3 (full 1):
 PSYoungGen      total 114688K, used 0K [0x0000000740900000, 0x000000074e900000, 0x00000007c0000000)
  eden space 98304K, 0% used [0x0000000740900000,0x0000000740900000,0x0000000746900000)
  from space 16384K, 0% used [0x0000000747900000,0x0000000747900000,0x0000000748900000)
  to   space 16384K, 0% used [0x0000000746900000,0x0000000746900000,0x0000000747900000)
 ParOldGen       total 152576K, used 10040K [0x0000000641a00000, 0x000000064af00000, 0x0000000740900000)
  object space 152576K, 6% used [0x0000000641a00000,0x00000006423ce1d0,0x000000064af00000)
 Metaspace       used 20929K, capacity 21162K, committed 21296K, reserved 1067008K
  class space    used 2871K, capacity 2934K, committed 2944K, reserved 1048576K
}
Event: 3.008 GC heap before
{Heap before GC invocations=4 (full 1):
 PSYoungGen      total 114688K, used 98304K [0x0000000740900000, 0x000000074e900000, 0x00000007c0000000)
  eden space 98304K, 100% used [0x0000000740900000,0x0000000746900000,0x0000000746900000)
  from space 16384K, 0% used [0x0000000747900000,0x0000000747900000,0x0000000748900000)
  to   space 16384K, 0% used [0x0000000746900000,0x0000000746900000,0x0000000747900000)
 ParOldGen       total 152576K, used 10040K [0x0000000641a00000, 0x000000064af00000, 0x0000000740900000)
  object space 152576K, 6% used [0x0000000641a00000,0x00000006423ce1d0,0x000000064af00000)
 Metaspace       used 27244K, capacity 27706K, committed 28032K, reserved 1073152K
  class space    used 3768K, capacity 3896K, committed 3968K, reserved 1048576K
Event: 3.016 GC heap after
Heap after GC invocations=4 (full 1):
 PSYoungGen      total 114688K, used 8440K [0x0000000740900000, 0x000000074b900000, 0x00000007c0000000)
  eden space 98304K, 0% used [0x0000000740900000,0x0000000740900000,0x0000000746900000)
  from space 16384K, 51% used [0x0000000746900000,0x000000074713e3f8,0x0000000747900000)
  to   space 16384K, 0% used [0x000000074a900000,0x000000074a900000,0x000000074b900000)
 ParOldGen       total 152576K, used 10112K [0x0000000641a00000, 0x000000064af00000, 0x0000000740900000)
  object space 152576K, 6% used [0x0000000641a00000,0x00000006423e01e0,0x000000064af00000)
 Metaspace       used 27244K, capacity 27706K, committed 28032K, reserved 1073152K
  class space    used 3768K, capacity 3896K, committed 3968K, reserved 1048576K
}
Event: 3.781 GC heap before
{Heap before GC invocations=5 (full 1):
 PSYoungGen      total 114688K, used 106744K [0x0000000740900000, 0x000000074b900000, 0x00000007c0000000)
  eden space 98304K, 100% used [0x0000000740900000,0x0000000746900000,0x0000000746900000)
  from space 16384K, 51% used [0x0000000746900000,0x000000074713e3f8,0x0000000747900000)
  to   space 16384K, 0% used [0x000000074a900000,0x000000074a900000,0x000000074b900000)
 ParOldGen       total 152576K, used 10112K [0x0000000641a00000, 0x000000064af00000, 0x0000000740900000)
  object space 152576K, 6% used [0x0000000641a00000,0x00000006423e01e0,0x000000064af00000)
 Metaspace       used 34301K, capacity 34756K, committed 35072K, reserved 1079296K
  class space    used 4681K, capacity 4814K, committed 4864K, reserved 1048576K
Event: 3.796 GC heap after
Heap after GC invocations=5 (full 1):
 PSYoungGen      total 163840K, used 13981K [0x0000000740900000, 0x000000074bb00000, 0x00000007c0000000)
  eden space 147456K, 0% used [0x0000000740900000,0x0000000740900000,0x0000000749900000)
  from space 16384K, 85% used [0x000000074a900000,0x000000074b6a76b8,0x000000074b900000)
  to   space 16384K, 0% used [0x0000000749900000,0x0000000749900000,0x000000074a900000)
 ParOldGen       total 152576K, used 10120K [0x0000000641a00000, 0x000000064af00000, 0x0000000740900000)
  object space 152576K, 6% used [0x0000000641a00000,0x00000006423e21e0,0x000000064af00000)
 Metaspace       used 34301K, capacity 34756K, committed 35072K, reserved 1079296K
  class space    used 4681K, capacity 4814K, committed 4864K, reserved 1048576K
}
Event: 3.906 GC heap before
{Heap before GC invocations=6 (full 1):
 PSYoungGen      total 163840K, used 37474K [0x0000000740900000, 0x000000074bb00000, 0x00000007c0000000)
  eden space 147456K, 15% used [0x0000000740900000,0x0000000741ff1208,0x0000000749900000)
  from space 16384K, 85% used [0x000000074a900000,0x000000074b6a76b8,0x000000074b900000)
  to   space 16384K, 0% used [0x0000000749900000,0x0000000749900000,0x000000074a900000)
 ParOldGen       total 152576K, used 10120K [0x0000000641a00000, 0x000000064af00000, 0x0000000740900000)
  object space 152576K, 6% used [0x0000000641a00000,0x00000006423e21e0,0x000000064af00000)
 Metaspace       used 34576K, capacity 35158K, committed 35456K, reserved 1079296K
  class space    used 4728K, capacity 4928K, committed 4992K, reserved 1048576K
Event: 3.917 GC heap after
Heap after GC invocations=6 (full 1):
 PSYoungGen      total 163840K, used 11846K [0x0000000740900000, 0x0000000751e00000, 0x00000007c0000000)
  eden space 147456K, 0% used [0x0000000740900000,0x0000000740900000,0x0000000749900000)
  from space 16384K, 72% used [0x0000000749900000,0x000000074a491aa8,0x000000074a900000)
  to   space 16384K, 0% used [0x0000000750e00000,0x0000000750e00000,0x0000000751e00000)
 ParOldGen       total 152576K, used 10128K [0x0000000641a00000, 0x000000064af00000, 0x0000000740900000)
  object space 152576K, 6% used [0x0000000641a00000,0x00000006423e41e0,0x000000064af00000)
 Metaspace       used 34576K, capacity 35158K, committed 35456K, reserved 1079296K
  class space    used 4728K, capacity 4928K, committed 4992K, reserved 1048576K
}
Event: 3.917 GC heap before
{Heap before GC invocations=7 (full 2):
 PSYoungGen      total 163840K, used 11846K [0x0000000740900000, 0x0000000751e00000, 0x00000007c0000000)
  eden space 147456K, 0% used [0x0000000740900000,0x0000000740900000,0x0000000749900000)
  from space 16384K, 72% used [0x0000000749900000,0x000000074a491aa8,0x000000074a900000)
  to   space 16384K, 0% used [0x0000000750e00000,0x0000000750e00000,0x0000000751e00000)
 ParOldGen       total 152576K, used 10128K [0x0000000641a00000, 0x000000064af00000, 0x0000000740900000)
  object space 152576K, 6% used [0x0000000641a00000,0x00000006423e41e0,0x000000064af00000)
 Metaspace       used 34576K, capacity 35158K, committed 35456K, reserved 1079296K
  class space    used 4728K, capacity 4928K, committed 4992K, reserved 1048576K
Event: 3.961 GC heap after
Heap after GC invocations=7 (full 2):
 PSYoungGen      total 163840K, used 0K [0x0000000740900000, 0x0000000751e00000, 0x00000007c0000000)
  eden space 147456K, 0% used [0x0000000740900000,0x0000000740900000,0x0000000749900000)
  from space 16384K, 0% used [0x0000000749900000,0x0000000749900000,0x000000074a900000)
  to   space 16384K, 0% used [0x0000000750e00000,0x0000000750e00000,0x0000000751e00000)
 ParOldGen       total 211968K, used 19119K [0x0000000641a00000, 0x000000064e900000, 0x0000000740900000)
  object space 211968K, 9% used [0x0000000641a00000,0x0000000642cabda8,0x000000064e900000)
 Metaspace       used 34576K, capacity 35158K, committed 35456K, reserved 1079296K
  class space    used 4728K, capacity 4928K, committed 4992K, reserved 1048576K
}

Deoptimization events (10 events):
Event: 3.625 Thread 0x0000000004481000 Uncommon trap: reason=bimorphic action=maybe_recompile pc=0x000000000f7a14f4 method=java.util.regex.Pattern$Start.match(Ljava/util/regex/Matcher;ILjava/lang/CharSequence;)Z @ 44
Event: 3.677 Thread 0x0000000004481000 Uncommon trap: reason=bimorphic action=maybe_recompile pc=0x000000000f78e074 method=java.util.regex.Pattern$Start.match(Ljava/util/regex/Matcher;ILjava/lang/CharSequence;)Z @ 44
Event: 3.677 Thread 0x0000000004481000 Uncommon trap: reason=unstable_if action=reinterpret pc=0x000000000f59d73c method=java.lang.CharacterDataLatin1.isWhitespace(I)Z @ 14
Event: 3.692 Thread 0x0000000004481000 Uncommon trap: reason=unstable_if action=reinterpret pc=0x000000000f5e86ec method=java.security.CodeSource.getCertificates()[Ljava/security/cert/Certificate; @ 22
Event: 3.701 Thread 0x0000000004481000 Uncommon trap: reason=unstable_if action=reinterpret pc=0x000000000f7ff390 method=java.util.LinkedHashMap.get(Ljava/lang/Object;)Ljava/lang/Object; @ 20
Event: 3.862 Thread 0x0000000004481000 Uncommon trap: reason=unstable_if action=reinterpret pc=0x000000000f88428c method=java.util.WeakHashMap.put(Ljava/lang/Object;Ljava/lang/Object;)Ljava/lang/Object; @ 59
Event: 4.154 Thread 0x0000000004481000 Uncommon trap: reason=class_check action=maybe_recompile pc=0x000000000f8c2bd8 method=java.util.AbstractList$Itr.hasNext()Z @ 8
Event: 4.154 Thread 0x0000000004481000 Uncommon trap: reason=class_check action=maybe_recompile pc=0x000000000f8c2bd8 method=java.util.AbstractList$Itr.hasNext()Z @ 8
Event: 4.154 Thread 0x0000000004481000 Uncommon trap: reason=class_check action=maybe_recompile pc=0x000000000f8c2bd8 method=java.util.AbstractList$Itr.hasNext()Z @ 8
Event: 4.155 Thread 0x0000000004481000 Uncommon trap: reason=class_check action=maybe_recompile pc=0x000000000f8c2bd8 method=java.util.AbstractList$Itr.hasNext()Z @ 8

Internal exceptions (10 events):
Event: 4.119 Thread 0x0000000004481000 Exception <a 'sun/nio/fs/WindowsException'> (0x000000074192c298) thrown at [C:\re\workspace\8-2-build-windows-amd64-cygwin\jdk8u144\9417\hotspot\src\share\vm\prims\jni.cpp, line 709]
Event: 4.120 Thread 0x0000000004481000 Exception <a 'sun/nio/fs/WindowsException'> (0x000000074192ccf8) thrown at [C:\re\workspace\8-2-build-windows-amd64-cygwin\jdk8u144\9417\hotspot\src\share\vm\prims\jni.cpp, line 709]
Event: 4.120 Thread 0x0000000004481000 Exception <a 'sun/nio/fs/WindowsException'> (0x000000074192e3d0) thrown at [C:\re\workspace\8-2-build-windows-amd64-cygwin\jdk8u144\9417\hotspot\src\share\vm\prims\jni.cpp, line 709]
Event: 4.120 Thread 0x0000000004481000 Exception <a 'sun/nio/fs/WindowsException'> (0x000000074192ee68) thrown at [C:\re\workspace\8-2-build-windows-amd64-cygwin\jdk8u144\9417\hotspot\src\share\vm\prims\jni.cpp, line 709]
Event: 4.120 Thread 0x0000000004481000 Exception <a 'sun/nio/fs/WindowsException'> (0x0000000741933c20) thrown at [C:\re\workspace\8-2-build-windows-amd64-cygwin\jdk8u144\9417\hotspot\src\share\vm\prims\jni.cpp, line 709]
Event: 4.121 Thread 0x0000000004481000 Exception <a 'sun/nio/fs/WindowsException'> (0x00000007419346a8) thrown at [C:\re\workspace\8-2-build-windows-amd64-cygwin\jdk8u144\9417\hotspot\src\share\vm\prims\jni.cpp, line 709]
Event: 4.121 Thread 0x0000000004481000 Exception <a 'sun/nio/fs/WindowsException'> (0x0000000741935da8) thrown at [C:\re\workspace\8-2-build-windows-amd64-cygwin\jdk8u144\9417\hotspot\src\share\vm\prims\jni.cpp, line 709]
Event: 4.121 Thread 0x0000000004481000 Exception <a 'sun/nio/fs/WindowsException'> (0x0000000741936868) thrown at [C:\re\workspace\8-2-build-windows-amd64-cygwin\jdk8u144\9417\hotspot\src\share\vm\prims\jni.cpp, line 709]
Event: 4.126 Thread 0x0000000004481000 Exception <a 'java/lang/ClassNotFoundException': com/sun/org/glassfish/hk2/osgiresourcelocator/ServiceLoader> (0x000000074198e320) thrown at [C:\re\workspace\8-2-build-windows-amd64-cygwin\jdk8u144\9417\hotspot\src\share\vm\classfile\systemDictionary.cpp,
Event: 4.132 Thread 0x0000000004481000 Exception <a 'java/lang/NullPointerException'> (0x00000007419c4508) thrown at [C:\re\workspace\8-2-build-windows-amd64-cygwin\jdk8u144\9417\hotspot\src\share\vm\interpreter\linkResolver.cpp, line 1299]

Events (10 events):
Event: 4.194 loading class com/sun/xml/internal/bind/v2/model/runtime/RuntimeMapPropertyInfo
Event: 4.194 loading class com/sun/xml/internal/bind/v2/model/core/MapPropertyInfo
Event: 4.194 loading class com/sun/xml/internal/bind/v2/model/core/MapPropertyInfo done
Event: 4.195 loading class com/sun/xml/internal/bind/v2/model/runtime/RuntimeMapPropertyInfo done
Event: 4.195 loading class com/sun/xml/internal/bind/v2/runtime/property/PropertyFactory$1
Event: 4.195 loading class com/sun/xml/internal/bind/v2/runtime/property/PropertyFactory$1 done
Event: 4.195 loading class com/sun/xml/internal/bind/v2/runtime/Name
Event: 4.195 loading class com/sun/xml/internal/bind/v2/runtime/Name done
Event: 4.195 loading class com/sun/xml/internal/bind/v2/runtime/reflect/TransducedAccessor
Event: 4.195 loading class com/sun/xml/internal/bind/v2/runtime/reflect/TransducedAccessor done


Dynamic libraries:
0x00007ff70ee50000 - 0x00007ff70ee87000 	C:\java\jdk1.8.0_144\bin\java.exe
0x00007ffb7ed10000 - 0x00007ffb7eef0000 	C:\WINDOWS\SYSTEM32\ntdll.dll
0x00007ffb7e610000 - 0x00007ffb7e6be000 	C:\WINDOWS\System32\KERNEL32.DLL
0x00007ffb7b480000 - 0x00007ffb7b6e6000 	C:\WINDOWS\System32\KERNELBASE.dll
0x0000000063d40000 - 0x0000000063dd2000 	C:\WINDOWS\System32\SYSFER.DLL
0x00007ffb7e140000 - 0x00007ffb7e1e1000 	C:\WINDOWS\System32\ADVAPI32.dll
0x00007ffb7d7b0000 - 0x00007ffb7d84d000 	C:\WINDOWS\System32\msvcrt.dll
0x00007ffb7e0e0000 - 0x00007ffb7e13b000 	C:\WINDOWS\System32\sechost.dll
0x00007ffb7e6c0000 - 0x00007ffb7e7df000 	C:\WINDOWS\System32\RPCRT4.dll
0x00007ffb7d620000 - 0x00007ffb7d7af000 	C:\WINDOWS\System32\USER32.dll
0x00007ffb7b7a0000 - 0x00007ffb7b7c0000 	C:\WINDOWS\System32\win32u.dll
0x00007ffb7db20000 - 0x00007ffb7db48000 	C:\WINDOWS\System32\GDI32.dll
0x00007ffb7b1e0000 - 0x00007ffb7b373000 	C:\WINDOWS\System32\gdi32full.dll
0x00007ffb7b9f0000 - 0x00007ffb7ba8b000 	C:\WINDOWS\System32\msvcp_win.dll
0x00007ffb7b380000 - 0x00007ffb7b476000 	C:\WINDOWS\System32\ucrtbase.dll
0x00007ffb739f0000 - 0x00007ffb73c59000 	C:\WINDOWS\WinSxS\amd64_microsoft.windows.common-controls_6595b64144ccf1df_6.0.16299.309_none_15cfd4c4935e6b11\COMCTL32.dll
0x00007ffb7dcc0000 - 0x00007ffb7dfc8000 	C:\WINDOWS\System32\combase.dll
0x00007ffb7b110000 - 0x00007ffb7b182000 	C:\WINDOWS\System32\bcryptPrimitives.dll
0x00007ffb7e5d0000 - 0x00007ffb7e5fd000 	C:\WINDOWS\System32\IMM32.DLL
0x00007ffb709d0000 - 0x00007ffb70a05000 	C:\WINDOWS\SYSTEM32\EQDTPSpy.dll
0x00007ffb68a50000 - 0x00007ffb68bc2000 	C:\WINDOWS\SYSTEM32\EqDtpHook.dll
0x000000000f000000 - 0x000000000f006000 	C:\WINDOWS\SYSTEM32\detoured_EQ.dll
0x00007ffb75d30000 - 0x00007ffb75db6000 	C:\WINDOWS\SYSTEM32\WINSPOOL.DRV
0x00007ffb7a620000 - 0x00007ffb7a659000 	C:\WINDOWS\SYSTEM32\IPHLPAPI.DLL
0x00007ffb7ab60000 - 0x00007ffb7ab85000 	C:\WINDOWS\SYSTEM32\bcrypt.dll
0x0000000060a60000 - 0x0000000060b32000 	C:\java\jdk1.8.0_144\jre\bin\msvcr100.dll
0x000000005ef60000 - 0x000000005f7fd000 	C:\java\jdk1.8.0_144\jre\bin\server\jvm.dll
0x00007ffb7e600000 - 0x00007ffb7e608000 	C:\WINDOWS\System32\PSAPI.DLL
0x00007ffb6fe20000 - 0x00007ffb6fe29000 	C:\WINDOWS\SYSTEM32\WSOCK32.dll
0x00007ffb7e360000 - 0x00007ffb7e3cc000 	C:\WINDOWS\System32\WS2_32.dll
0x00007ffb79050000 - 0x00007ffb79073000 	C:\WINDOWS\SYSTEM32\WINMM.dll
0x00007ffb75290000 - 0x00007ffb7529a000 	C:\WINDOWS\SYSTEM32\VERSION.dll
0x00007ffb78e80000 - 0x00007ffb78eaa000 	C:\WINDOWS\SYSTEM32\WINMMBASE.dll
0x00007ffb7b190000 - 0x00007ffb7b1da000 	C:\WINDOWS\System32\cfgmgr32.dll
0x000000005ef50000 - 0x000000005ef5f000 	C:\java\jdk1.8.0_144\jre\bin\verify.dll
0x000000005ef20000 - 0x000000005ef49000 	C:\java\jdk1.8.0_144\jre\bin\java.dll
0x000000005ef00000 - 0x000000005ef16000 	C:\java\jdk1.8.0_144\jre\bin\zip.dll
0x00007ffb7c1e0000 - 0x00007ffb7d616000 	C:\WINDOWS\System32\SHELL32.dll
0x00007ffb7d9a0000 - 0x00007ffb7da46000 	C:\WINDOWS\System32\shcore.dll
0x00007ffb7ba90000 - 0x00007ffb7c1d7000 	C:\WINDOWS\System32\windows.storage.dll
0x00007ffb7d860000 - 0x00007ffb7d8b1000 	C:\WINDOWS\System32\shlwapi.dll
0x00007ffb7b080000 - 0x00007ffb7b091000 	C:\WINDOWS\System32\kernel.appcore.dll
0x00007ffb7b0c0000 - 0x00007ffb7b10c000 	C:\WINDOWS\System32\powrprof.dll
0x00007ffb7b0a0000 - 0x00007ffb7b0bb000 	C:\WINDOWS\System32\profapi.dll
0x000000005eee0000 - 0x000000005eefa000 	C:\java\jdk1.8.0_144\jre\bin\net.dll
0x00007ffb7a890000 - 0x00007ffb7a8f6000 	C:\WINDOWS\system32\mswsock.dll
0x000000005eec0000 - 0x000000005eed1000 	C:\java\jdk1.8.0_144\jre\bin\nio.dll
0x00007ffb70d60000 - 0x00007ffb70d72000 	C:\Users\stislin\.gradle\native\19\windows-amd64\native-platform.dll
0x0000000180000000 - 0x0000000180037000 	C:\Users\stislin\.gradle\native\jna\win32-amd64\jnidispatch.dll
0x00007ffb7aa50000 - 0x00007ffb7aa67000 	C:\WINDOWS\SYSTEM32\CRYPTSP.dll
0x00007ffb7a490000 - 0x00007ffb7a4c3000 	C:\WINDOWS\system32\rsaenh.dll
0x00007ffb7af90000 - 0x00007ffb7afb9000 	C:\WINDOWS\SYSTEM32\USERENV.dll
0x00007ffb7aa70000 - 0x00007ffb7aa7b000 	C:\WINDOWS\SYSTEM32\CRYPTBASE.dll
0x00007ffb7d850000 - 0x00007ffb7d858000 	C:\WINDOWS\System32\NSI.dll
0x00007ffb780d0000 - 0x00007ffb780e6000 	C:\WINDOWS\SYSTEM32\dhcpcsvc6.DLL
0x00007ffb77980000 - 0x00007ffb7799a000 	C:\WINDOWS\SYSTEM32\dhcpcsvc.DLL
0x000000005eeb0000 - 0x000000005eebd000 	C:\java\jdk1.8.0_144\jre\bin\management.dll

VM Arguments:
jvm_args: -Dorg.gradle.appname=gradlew 
java_command: org.gradle.wrapper.GradleWrapperMain installDebug
java_class_path (initial): c:\nspires\react-native\rnapp2\android\\gradle\wrapper\gradle-wrapper.jar
Launcher Type: SUN_STANDARD

Environment Variables:
JAVA_HOME=C:\java\jdk1.8.0_144
CLASSPATH=c:\nspires\react-native\rnapp2\android\\gradle\wrapper\gradle-wrapper.jar
PATH=C:\Program Files\Docker\Docker\Resources\bin;C:\app\local-admin\product\11.2.0\client_3\bin;C:\app\local-admin\product\11.2.0\client_2;C:\app\local-admin\product\11.2.0\client_1;C:\app\local-admin\product\12.2.0\client_1;C:\ProgramData\Oracle\Java\javapath;C:\Program Files (x86)\Intel\iCLS Client\;C:\Program Files\Intel\iCLS Client\;C:\WINDOWS\system32;C:\WINDOWS;C:\WINDOWS\System32\Wbem;C:\WINDOWS\System32\WindowsPowerShell\v1.0\;C:\Program Files (x86)\Intel\Intel(R) Management Engine Components\DAL;C:\Program Files\Intel\Intel(R) Management Engine Components\DAL;C:\Program Files (x86)\Intel\Intel(R) Management Engine Components\IPT;C:\Program Files\Intel\Intel(R) Management Engine Components\IPT;C:\bc\Geth;C:\nodejs\;C:\Users\stislin\AppData\Roaming\npm;C:\Program Files (x86)\Windows Kits\8.1\Windows Performance Toolkit\;C:\Git\cmd;C:\Users\stislin\AppData\Roaming\npm;c:\minikube;C:\Program Files\TortoiseSVN\bin;c:\php;C:\Program Files\Oracle\VirtualBox522;C:\Users\stislin\AppData\Local\Android\Sdk\tools;C:\Users\stislin\AppData\Local\Android\Sdk\platform-tools;C:\Users\stislin\;C:\Users\stislin\AppData\Local\Android\Sdk\tools\bin;C:\Users\stislin\AppData\Local\Microsoft\WindowsApps;C:\Users\stislin\AppData\Roaming\npm;C:\Users\stislin\AppData\Local\atom\bin;C:\Git\cmd
USERNAME=stislin
OS=Windows_NT
PROCESSOR_IDENTIFIER=Intel64 Family 6 Model 94 Stepping 3, GenuineIntel



---------------  S Y S T E M  ---------------

OS: Windows 10.0 , 64 bit Build 16299 (10.0.16299.15)

CPU:total 8 (initial active 8) (4 cores per cpu, 2 threads per core) family 6 model 94 stepping 3, cmov, cx8, fxsr, mmx, sse, sse2, sse3, ssse3, sse4.1, sse4.2, popcnt, avx, avx2, aes, clmul, erms, rtm, 3dnowpref, lzcnt, ht, tsc, tscinvbit, bmi1, bmi2, adx

Memory: 4k page, physical 25055244k(7167568k free), swap 29104140k(5784k free)

vm_info: Java HotSpot(TM) 64-Bit Server VM (25.144-b01) for windows-amd64 JRE (1.8.0_144-b01), built on Jul 21 2017 21:57:33 by "java_re" with MS VC++ 10.0 (VS2010)

time: Thu May 17 18:14:22 2018
elapsed time: 4 seconds (0d 0h 0m 4s)

