#
# There is insufficient memory for the Java Runtime Environment to continue.
# Native memory allocation (malloc) failed to allocate 1319936 bytes for Chunk::new
# Possible reasons:
#   The system is out of physical RAM or swap space
#   In 32 bit mode, the process size limit was hit
# Possible solutions:
#   Reduce memory load on the system
#   Increase physical memory or swap space
#   Check if swap backing store is full
#   Use 64 bit Java on a 64 bit OS
#   Decrease Java heap size (-Xmx/-Xms)
#   Decrease number of Java threads
#   Decrease Java thread stack sizes (-Xss)
#   Set larger code cache with -XX:ReservedCodeCacheSize=
# This output file may be truncated or incomplete.
#
#  Out of Memory Error (allocation.cpp:390), pid=16732, tid=0x0000000000005d4c
#
# JRE version: Java(TM) SE Runtime Environment (8.0_144-b01) (build 1.8.0_144-b01)
# Java VM: Java HotSpot(TM) 64-Bit Server VM (25.144-b01 mixed mode windows-amd64 compressed oops)
# Failed to write core dump. Minidumps are not enabled by default on client versions of Windows
#

---------------  T H R E A D  ---------------

Current thread (0x0000000009f9b800):  JavaThread "C2 CompilerThread1" daemon [_thread_in_native, id=23884, stack(0x000000000a960000,0x000000000aa60000)]

Stack: [0x000000000a960000,0x000000000aa60000]
[error occurred during error reporting (printing stack bounds), id 0xc0000005]

Native frames: (J=compiled Java code, j=interpreted, Vv=VM code, C=native code)


Current CompileTask:
C2:   1249 1034       4       java.net.URLClassLoader$1::run (5 bytes)


---------------  P R O C E S S  ---------------

Java Threads: ( => current thread )
  0x000000000c340800 JavaThread "pool-1-thread-1" [_thread_blocked, id=18852, stack(0x000000000c7d0000,0x000000000c8d0000)]
  0x000000000a02f000 JavaThread "Service Thread" daemon [_thread_blocked, id=12456, stack(0x000000000ad60000,0x000000000ae60000)]
  0x0000000009fa6800 JavaThread "C1 CompilerThread3" daemon [_thread_blocked, id=10368, stack(0x000000000ab60000,0x000000000ac60000)]
  0x0000000009fa2800 JavaThread "C2 CompilerThread2" daemon [_thread_in_native, id=17352, stack(0x000000000aa60000,0x000000000ab60000)]
=>0x0000000009f9b800 JavaThread "C2 CompilerThread1" daemon [_thread_in_native, id=23884, stack(0x000000000a960000,0x000000000aa60000)]
  0x0000000009f98800 JavaThread "C2 CompilerThread0" daemon [_thread_blocked, id=18792, stack(0x000000000a860000,0x000000000a960000)]
  0x0000000009f97800 JavaThread "Attach Listener" daemon [_thread_blocked, id=19428, stack(0x000000000a760000,0x000000000a860000)]
  0x0000000009f96000 JavaThread "Signal Dispatcher" daemon [_thread_blocked, id=21040, stack(0x000000000a660000,0x000000000a760000)]
  0x0000000009f90800 JavaThread "Finalizer" daemon [_thread_blocked, id=24420, stack(0x000000000a370000,0x000000000a470000)]
  0x000000000809d800 JavaThread "Reference Handler" daemon [_thread_blocked, id=17832, stack(0x0000000009e70000,0x0000000009f70000)]
  0x0000000004971000 JavaThread "main" [_thread_in_native, id=17340, stack(0x0000000004870000,0x0000000004970000)]

Other Threads:
  0x0000000008099800 VMThread [stack: 0x0000000009d70000,0x0000000009e70000] [id=22740]
  0x000000000a055000 WatcherThread [stack: 0x000000000ae60000,0x000000000af60000] [id=8684]

VM state:not at safepoint (normal execution)

VM Mutex/Monitor currently owned by a thread: None

Heap:
 PSYoungGen      total 114688K, used 96635K [0x0000000740900000, 0x0000000748900000, 0x00000007c0000000)
  eden space 98304K, 98% used [0x0000000740900000,0x000000074675eec0,0x0000000746900000)
  from space 16384K, 0% used [0x0000000747900000,0x0000000747900000,0x0000000748900000)
  to   space 16384K, 0% used [0x0000000746900000,0x0000000746900000,0x0000000747900000)
 ParOldGen       total 262144K, used 0K [0x0000000641a00000, 0x0000000651a00000, 0x0000000740900000)
  object space 262144K, 0% used [0x0000000641a00000,0x0000000641a00000,0x0000000651a00000)
 Metaspace       used 16553K, capacity 16816K, committed 17024K, reserved 1064960K
  class space    used 2269K, capacity 2344K, committed 2432K, reserved 1048576K

Card table byte_map: [0x0000000004e30000,0x0000000005a30000] byte_map_base: 0x0000000001c23000

Marking Bits: (ParMarkBitMap*) 0x000000005f77d850
 Begin Bits: [0x000000001e010000, 0x0000000023fa8000)
 End Bits:   [0x0000000023fa8000, 0x0000000029f40000)

Polling page: 0x0000000004810000

CodeCache: size=245760Kb used=4005Kb max_used=4005Kb free=241754Kb
 bounds [0x000000000f010000, 0x000000000f400000, 0x000000001e010000]
 total_blobs=1448 nmethods=1087 adapters=273
 compilation: enabled

Compilation events (10 events):
Event: 1.172 Thread 0x0000000009fa6800 nmethod 1084 0x000000000f3fa3d0 code [0x000000000f3fa5c0, 0x000000000f3fb0c8]
Event: 1.172 Thread 0x0000000009fa6800 1086       3       java.util.Calendar::internalSet (8 bytes)
Event: 1.172 Thread 0x0000000009fa6800 nmethod 1086 0x000000000f3fb510 code [0x000000000f3fb660, 0x000000000f3fb7d0]
Event: 1.172 Thread 0x0000000009fa6800 1085       3       java.util.StringTokenizer::<init> (52 bytes)
Event: 1.172 Thread 0x0000000009fa6800 nmethod 1085 0x000000000f3fb8d0 code [0x000000000f3fba40, 0x000000000f3fbd68]
Event: 1.174 Thread 0x0000000009fa2800 1087   !   4       java.net.URLClassLoader$1::run (63 bytes)
Event: 1.175 Thread 0x0000000009fa6800 1088       3       java.nio.HeapByteBuffer::ix (7 bytes)
Event: 1.175 Thread 0x0000000009fa6800 nmethod 1088 0x000000000f3fbed0 code [0x000000000f3fc020, 0x000000000f3fc170]
Event: 1.178 Thread 0x0000000009fa6800 1089       3       java.lang.StringBuilder::append (8 bytes)
Event: 1.178 Thread 0x0000000009fa6800 nmethod 1089 0x000000000f3fc1d0 code [0x000000000f3fc340, 0x000000000f3fc4c8]

GC Heap History (0 events):
No events

Deoptimization events (10 events):
Event: 0.846 Thread 0x0000000004971000 Uncommon trap: reason=bimorphic action=maybe_recompile pc=0x000000000f2cfc9c method=java.util.HashMap.putVal(ILjava/lang/Object;Ljava/lang/Object;ZZ)Ljava/lang/Object; @ 203
Event: 0.846 Thread 0x0000000004971000 Uncommon trap: reason=bimorphic action=maybe_recompile pc=0x000000000f2cfc9c method=java.util.HashMap.putVal(ILjava/lang/Object;Ljava/lang/Object;ZZ)Ljava/lang/Object; @ 203
Event: 0.846 Thread 0x0000000004971000 Uncommon trap: reason=bimorphic action=maybe_recompile pc=0x000000000f2c0fec method=java.util.HashMap.putVal(ILjava/lang/Object;Ljava/lang/Object;ZZ)Ljava/lang/Object; @ 203
Event: 1.014 Thread 0x0000000004971000 Uncommon trap: reason=bimorphic action=maybe_recompile pc=0x000000000f2be424 method=java.util.HashMap.putVal(ILjava/lang/Object;Ljava/lang/Object;ZZ)Ljava/lang/Object; @ 203
Event: 1.120 Thread 0x0000000004971000 Uncommon trap: reason=class_check action=maybe_recompile pc=0x000000000f3ceffc method=org.gradle.internal.service.DefaultServiceRegistry$SingletonService.getService(Lorg/gradle/internal/service/DefaultServiceRegistry$LookupContext;Lorg/gradle/internal/ser
Event: 1.120 Thread 0x0000000004971000 Uncommon trap: reason=class_check action=maybe_recompile pc=0x000000000f3ceffc method=org.gradle.internal.service.DefaultServiceRegistry$SingletonService.getService(Lorg/gradle/internal/service/DefaultServiceRegistry$LookupContext;Lorg/gradle/internal/ser
Event: 1.120 Thread 0x0000000004971000 Uncommon trap: reason=class_check action=maybe_recompile pc=0x000000000f3ceffc method=org.gradle.internal.service.DefaultServiceRegistry$SingletonService.getService(Lorg/gradle/internal/service/DefaultServiceRegistry$LookupContext;Lorg/gradle/internal/ser
Event: 1.120 Thread 0x0000000004971000 Uncommon trap: reason=class_check action=maybe_recompile pc=0x000000000f3ceffc method=org.gradle.internal.service.DefaultServiceRegistry$SingletonService.getService(Lorg/gradle/internal/service/DefaultServiceRegistry$LookupContext;Lorg/gradle/internal/ser
Event: 1.170 Thread 0x0000000004971000 Uncommon trap: reason=unstable_if action=reinterpret pc=0x000000000f29a4d8 method=java.lang.AbstractStringBuilder.append(Ljava/lang/String;)Ljava/lang/AbstractStringBuilder; @ 1
Event: 1.171 Thread 0x0000000004971000 Uncommon trap: reason=unstable_if action=reinterpret pc=0x000000000f22a190 method=java.lang.AbstractStringBuilder.append(Ljava/lang/String;)Ljava/lang/AbstractStringBuilder; @ 1

Internal exceptions (10 events):
Event: 1.009 Thread 0x0000000004971000 Exception <a 'java/lang/ClassNotFoundException': java/lang/ObjectBeanInfo> (0x00000007454c23a8) thrown at [C:\re\workspace\8-2-build-windows-amd64-cygwin\jdk8u144\9417\hotspot\src\share\vm\classfile\systemDictionary.cpp, line 210]
Event: 1.009 Thread 0x0000000004971000 Exception <a 'java/lang/ClassNotFoundException': java/lang/ObjectCustomizer> (0x00000007454c7478) thrown at [C:\re\workspace\8-2-build-windows-amd64-cygwin\jdk8u144\9417\hotspot\src\share\vm\classfile\systemDictionary.cpp, line 210]
Event: 1.012 Thread 0x0000000004971000 Exception <a 'java/lang/ClassNotFoundException': groovy/lang/MetaClassImplCustomizer> (0x00000007454d9e68) thrown at [C:\re\workspace\8-2-build-windows-amd64-cygwin\jdk8u144\9417\hotspot\src\share\vm\classfile\systemDictionary.cpp, line 210]
Event: 1.013 Thread 0x0000000004971000 Exception <a 'java/lang/ClassNotFoundException': groovy/lang/ExpandoMetaClassCustomizer> (0x000000074550d880) thrown at [C:\re\workspace\8-2-build-windows-amd64-cygwin\jdk8u144\9417\hotspot\src\share\vm\classfile\systemDictionary.cpp, line 210]
Event: 1.019 Thread 0x0000000004971000 Exception <a 'java/lang/ClassNotFoundException': org/gradle/api/internal/plugins/DefaultExtraPropertiesExtensionBeanInfo> (0x000000074558e328) thrown at [C:\re\workspace\8-2-build-windows-amd64-cygwin\jdk8u144\9417\hotspot\src\share\vm\classfile\systemDic
Event: 1.020 Thread 0x0000000004971000 Exception <a 'java/lang/ClassNotFoundException': groovy/lang/GroovyObjectSupportBeanInfo> (0x000000074559a160) thrown at [C:\re\workspace\8-2-build-windows-amd64-cygwin\jdk8u144\9417\hotspot\src\share\vm\classfile\systemDictionary.cpp, line 210]
Event: 1.020 Thread 0x0000000004971000 Exception <a 'java/lang/ClassNotFoundException': groovy/lang/GroovyObjectSupportCustomizer> (0x00000007455a6320) thrown at [C:\re\workspace\8-2-build-windows-amd64-cygwin\jdk8u144\9417\hotspot\src\share\vm\classfile\systemDictionary.cpp, line 210]
Event: 1.020 Thread 0x0000000004971000 Exception <a 'java/lang/ClassNotFoundException': org/gradle/api/internal/plugins/DefaultExtraPropertiesExtensionCustomizer> (0x00000007455bc760) thrown at [C:\re\workspace\8-2-build-windows-amd64-cygwin\jdk8u144\9417\hotspot\src\share\vm\classfile\systemD
Event: 1.170 Thread 0x0000000004971000 Implicit null exception at 0x000000000f29a116 to 0x000000000f29a4c1
Event: 1.171 Thread 0x0000000004971000 Implicit null exception at 0x000000000f229dd6 to 0x000000000f22a179

Events (10 events):
Event: 1.179 loading class org/gradle/cache/internal/FileLockCommunicator
Event: 1.179 loading class org/gradle/cache/internal/FileLockCommunicator done
Event: 1.179 loading class org/gradle/cache/internal/GracefullyStoppedException
Event: 1.179 loading class org/gradle/cache/internal/GracefullyStoppedException done
Event: 1.180 loading class java/net/SocketException
Event: 1.180 loading class java/net/SocketException done
Event: 1.180 loading class java/net/DatagramSocket
Event: 1.180 loading class java/net/DatagramSocket done
Event: 1.180 loading class org/gradle/internal/remote/internal/inet/InetAddressFactory$MethodBackedTransformer
Event: 1.180 loading class org/gradle/internal/remote/internal/inet/InetAddressFactory$MethodBackedTransformer done


Dynamic libraries:
0x00007ff70ee50000 - 0x00007ff70ee87000 	C:\java\jdk1.8.0_144\bin\java.exe
0x00007ffb7ed10000 - 0x00007ffb7eef0000 	C:\WINDOWS\SYSTEM32\ntdll.dll
0x00007ffb7e610000 - 0x00007ffb7e6be000 	C:\WINDOWS\System32\KERNEL32.DLL
0x00007ffb7b480000 - 0x00007ffb7b6e6000 	C:\WINDOWS\System32\KERNELBASE.dll
0x0000000063d40000 - 0x0000000063dd2000 	C:\WINDOWS\System32\SYSFER.DLL
0x00007ffb7e140000 - 0x00007ffb7e1e1000 	C:\WINDOWS\System32\ADVAPI32.dll
0x00007ffb7d7b0000 - 0x00007ffb7d84d000 	C:\WINDOWS\System32\msvcrt.dll
0x00007ffb7e0e0000 - 0x00007ffb7e13b000 	C:\WINDOWS\System32\sechost.dll
0x00007ffb7e6c0000 - 0x00007ffb7e7df000 	C:\WINDOWS\System32\RPCRT4.dll
0x00007ffb7d620000 - 0x00007ffb7d7af000 	C:\WINDOWS\System32\USER32.dll
0x00007ffb7b7a0000 - 0x00007ffb7b7c0000 	C:\WINDOWS\System32\win32u.dll
0x00007ffb7db20000 - 0x00007ffb7db48000 	C:\WINDOWS\System32\GDI32.dll
0x00007ffb7b1e0000 - 0x00007ffb7b373000 	C:\WINDOWS\System32\gdi32full.dll
0x00007ffb7b9f0000 - 0x00007ffb7ba8b000 	C:\WINDOWS\System32\msvcp_win.dll
0x00007ffb7b380000 - 0x00007ffb7b476000 	C:\WINDOWS\System32\ucrtbase.dll
0x00007ffb739f0000 - 0x00007ffb73c59000 	C:\WINDOWS\WinSxS\amd64_microsoft.windows.common-controls_6595b64144ccf1df_6.0.16299.309_none_15cfd4c4935e6b11\COMCTL32.dll
0x00007ffb7dcc0000 - 0x00007ffb7dfc8000 	C:\WINDOWS\System32\combase.dll
0x00007ffb7b110000 - 0x00007ffb7b182000 	C:\WINDOWS\System32\bcryptPrimitives.dll
0x00007ffb7e5d0000 - 0x00007ffb7e5fd000 	C:\WINDOWS\System32\IMM32.DLL
0x00007ffb709d0000 - 0x00007ffb70a05000 	C:\WINDOWS\SYSTEM32\EQDTPSpy.dll
0x00007ffb68a50000 - 0x00007ffb68bc2000 	C:\WINDOWS\SYSTEM32\EqDtpHook.dll
0x000000000f000000 - 0x000000000f006000 	C:\WINDOWS\SYSTEM32\detoured_EQ.dll
0x00007ffb75d30000 - 0x00007ffb75db6000 	C:\WINDOWS\SYSTEM32\WINSPOOL.DRV
0x00007ffb7a620000 - 0x00007ffb7a659000 	C:\WINDOWS\SYSTEM32\IPHLPAPI.DLL
0x00007ffb7ab60000 - 0x00007ffb7ab85000 	C:\WINDOWS\SYSTEM32\bcrypt.dll
0x0000000060a60000 - 0x0000000060b32000 	C:\java\jdk1.8.0_144\jre\bin\msvcr100.dll
0x000000005ef60000 - 0x000000005f7fd000 	C:\java\jdk1.8.0_144\jre\bin\server\jvm.dll
0x00007ffb7e600000 - 0x00007ffb7e608000 	C:\WINDOWS\System32\PSAPI.DLL
0x00007ffb6fe20000 - 0x00007ffb6fe29000 	C:\WINDOWS\SYSTEM32\WSOCK32.dll
0x00007ffb7e360000 - 0x00007ffb7e3cc000 	C:\WINDOWS\System32\WS2_32.dll
0x00007ffb79050000 - 0x00007ffb79073000 	C:\WINDOWS\SYSTEM32\WINMM.dll
0x00007ffb75290000 - 0x00007ffb7529a000 	C:\WINDOWS\SYSTEM32\VERSION.dll
0x00007ffb78e80000 - 0x00007ffb78eaa000 	C:\WINDOWS\SYSTEM32\WINMMBASE.dll
0x00007ffb7b190000 - 0x00007ffb7b1da000 	C:\WINDOWS\System32\cfgmgr32.dll
0x000000005ef50000 - 0x000000005ef5f000 	C:\java\jdk1.8.0_144\jre\bin\verify.dll
0x000000005ef20000 - 0x000000005ef49000 	C:\java\jdk1.8.0_144\jre\bin\java.dll
0x000000005ef00000 - 0x000000005ef16000 	C:\java\jdk1.8.0_144\jre\bin\zip.dll
0x00007ffb7c1e0000 - 0x00007ffb7d616000 	C:\WINDOWS\System32\SHELL32.dll
0x00007ffb7d9a0000 - 0x00007ffb7da46000 	C:\WINDOWS\System32\shcore.dll
0x00007ffb7ba90000 - 0x00007ffb7c1d7000 	C:\WINDOWS\System32\windows.storage.dll
0x00007ffb7d860000 - 0x00007ffb7d8b1000 	C:\WINDOWS\System32\shlwapi.dll
0x00007ffb7b080000 - 0x00007ffb7b091000 	C:\WINDOWS\System32\kernel.appcore.dll
0x00007ffb7b0c0000 - 0x00007ffb7b10c000 	C:\WINDOWS\System32\powrprof.dll
0x00007ffb7b0a0000 - 0x00007ffb7b0bb000 	C:\WINDOWS\System32\profapi.dll
0x000000005eee0000 - 0x000000005eefa000 	C:\java\jdk1.8.0_144\jre\bin\net.dll
0x00007ffb7a890000 - 0x00007ffb7a8f6000 	C:\WINDOWS\system32\mswsock.dll
0x000000005eec0000 - 0x000000005eed1000 	C:\java\jdk1.8.0_144\jre\bin\nio.dll
0x00007ffb70d60000 - 0x00007ffb70d72000 	C:\Users\stislin\.gradle\native\19\windows-amd64\native-platform.dll
0x0000000180000000 - 0x0000000180037000 	C:\Users\stislin\.gradle\native\jna\win32-amd64\jnidispatch.dll
0x00007ffb7aa50000 - 0x00007ffb7aa67000 	C:\WINDOWS\SYSTEM32\CRYPTSP.dll
0x00007ffb7a490000 - 0x00007ffb7a4c3000 	C:\WINDOWS\system32\rsaenh.dll
0x00007ffb7af90000 - 0x00007ffb7afb9000 	C:\WINDOWS\SYSTEM32\USERENV.dll
0x00007ffb7aa70000 - 0x00007ffb7aa7b000 	C:\WINDOWS\SYSTEM32\CRYPTBASE.dll
0x00007ffb7d850000 - 0x00007ffb7d858000 	C:\WINDOWS\System32\NSI.dll
0x00007ffb780d0000 - 0x00007ffb780e6000 	C:\WINDOWS\SYSTEM32\dhcpcsvc6.DLL
0x00007ffb77980000 - 0x00007ffb7799a000 	C:\WINDOWS\SYSTEM32\dhcpcsvc.DLL
0x000000005eeb0000 - 0x000000005eebd000 	C:\java\jdk1.8.0_144\jre\bin\management.dll

VM Arguments:
jvm_args: -Dorg.gradle.appname=gradlew 
java_command: org.gradle.wrapper.GradleWrapperMain installDebug
java_class_path (initial): c:\nspires\react-native\rnapp2\android\\gradle\wrapper\gradle-wrapper.jar
Launcher Type: SUN_STANDARD

Environment Variables:
JAVA_HOME=C:\java\jdk1.8.0_144
CLASSPATH=c:\nspires\react-native\rnapp2\android\\gradle\wrapper\gradle-wrapper.jar
PATH=C:\Program Files\Docker\Docker\Resources\bin;C:\app\local-admin\product\11.2.0\client_3\bin;C:\app\local-admin\product\11.2.0\client_2;C:\app\local-admin\product\11.2.0\client_1;C:\app\local-admin\product\12.2.0\client_1;C:\ProgramData\Oracle\Java\javapath;C:\Program Files (x86)\Intel\iCLS Client\;C:\Program Files\Intel\iCLS Client\;C:\WINDOWS\system32;C:\WINDOWS;C:\WINDOWS\System32\Wbem;C:\WINDOWS\System32\WindowsPowerShell\v1.0\;C:\Program Files (x86)\Intel\Intel(R) Management Engine Components\DAL;C:\Program Files\Intel\Intel(R) Management Engine Components\DAL;C:\Program Files (x86)\Intel\Intel(R) Management Engine Components\IPT;C:\Program Files\Intel\Intel(R) Management Engine Components\IPT;C:\bc\Geth;C:\nodejs\;C:\Users\stislin\AppData\Roaming\npm;C:\Program Files (x86)\Windows Kits\8.1\Windows Performance Toolkit\;C:\Git\cmd;C:\Users\stislin\AppData\Roaming\npm;c:\minikube;C:\Program Files\TortoiseSVN\bin;c:\php;C:\Program Files\Oracle\VirtualBox522;C:\Users\stislin\AppData\Local\Android\Sdk\tools;C:\Users\stislin\AppData\Local\Android\Sdk\platform-tools;C:\Users\stislin\;C:\Users\stislin\AppData\Local\Android\Sdk\tools\bin;C:\Users\stislin\AppData\Local\Microsoft\WindowsApps;C:\Users\stislin\AppData\Roaming\npm;C:\Users\stislin\AppData\Local\atom\bin;C:\Git\cmd
USERNAME=stislin
OS=Windows_NT
PROCESSOR_IDENTIFIER=Intel64 Family 6 Model 94 Stepping 3, GenuineIntel



---------------  S Y S T E M  ---------------

OS: Windows 10.0 , 64 bit Build 16299 (10.0.16299.15)

CPU:total 8 (initial active 8) (4 cores per cpu, 2 threads per core) family 6 model 94 stepping 3, cmov, cx8, fxsr, mmx, sse, sse2, sse3, ssse3, sse4.1, sse4.2, popcnt, avx, avx2, aes, clmul, erms, rtm, 3dnowpref, lzcnt, ht, tsc, tscinvbit, bmi1, bmi2, adx

Memory: 4k page, physical 25055244k(7314912k free), swap 29104140k(2368k free)

vm_info: Java HotSpot(TM) 64-Bit Server VM (25.144-b01) for windows-amd64 JRE (1.8.0_144-b01), built on Jul 21 2017 21:57:33 by "java_re" with MS VC++ 10.0 (VS2010)

time: Thu May 17 18:13:35 2018
elapsed time: 1 seconds (0d 0h 0m 1s)

