#
# There is insufficient memory for the Java Runtime Environment to continue.
# Native memory allocation (malloc) failed to allocate 1136816 bytes for Chunk::new
# Possible reasons:
#   The system is out of physical RAM or swap space
#   In 32 bit mode, the process size limit was hit
# Possible solutions:
#   Reduce memory load on the system
#   Increase physical memory or swap space
#   Check if swap backing store is full
#   Use 64 bit Java on a 64 bit OS
#   Decrease Java heap size (-Xmx/-Xms)
#   Decrease number of Java threads
#   Decrease Java thread stack sizes (-Xss)
#   Set larger code cache with -XX:ReservedCodeCacheSize=
# This output file may be truncated or incomplete.
#
#  Out of Memory Error (allocation.cpp:390), pid=11980, tid=0x000000000000303c
#
# JRE version: Java(TM) SE Runtime Environment (8.0_144-b01) (build 1.8.0_144-b01)
# Java VM: Java HotSpot(TM) 64-Bit Server VM (25.144-b01 mixed mode windows-amd64 compressed oops)
# Failed to write core dump. Minidumps are not enabled by default on client versions of Windows
#

---------------  T H R E A D  ---------------

Current thread (0x000000000a288000):  JavaThread "C2 CompilerThread0" daemon [_thread_in_native, id=12348, stack(0x000000000ab50000,0x000000000ac50000)]

Stack: [0x000000000ab50000,0x000000000ac50000]
[error occurred during error reporting (printing stack bounds), id 0xc0000005]

Native frames: (J=compiled Java code, j=interpreted, Vv=VM code, C=native code)


Current CompileTask:
C2:   4471 3327       4       groovy.lang.MetaClassImpl$1MOPIter::methodNameAction (479 bytes)


---------------  P R O C E S S  ---------------

Java Threads: ( => current thread )
  0x000000002ad1b800 JavaThread "File lock request listener" [_thread_in_native, id=18696, stack(0x000000000e8e0000,0x000000000e9e0000)]
  0x000000000d495800 JavaThread "pool-1-thread-1" [_thread_blocked, id=6220, stack(0x000000000ca20000,0x000000000cb20000)]
  0x000000000a333000 JavaThread "Service Thread" daemon [_thread_blocked, id=14808, stack(0x000000000b050000,0x000000000b150000)]
  0x000000000a294800 JavaThread "C1 CompilerThread3" daemon [_thread_blocked, id=21752, stack(0x000000000af50000,0x000000000b050000)]
  0x000000000a290000 JavaThread "C2 CompilerThread2" daemon [_thread_in_native, id=22740, stack(0x000000000ad50000,0x000000000ae50000)]
  0x000000000a28d800 JavaThread "C2 CompilerThread1" daemon [_thread_in_native, id=18184, stack(0x000000000ac50000,0x000000000ad50000)]
=>0x000000000a288000 JavaThread "C2 CompilerThread0" daemon [_thread_in_native, id=12348, stack(0x000000000ab50000,0x000000000ac50000)]
  0x000000000a287000 JavaThread "Attach Listener" daemon [_thread_blocked, id=22956, stack(0x000000000aa50000,0x000000000ab50000)]
  0x000000000a286000 JavaThread "Signal Dispatcher" daemon [_thread_blocked, id=21716, stack(0x000000000a950000,0x000000000aa50000)]
  0x0000000004dd8800 JavaThread "Finalizer" daemon [_thread_blocked, id=19012, stack(0x000000000a660000,0x000000000a760000)]
  0x000000000838d000 JavaThread "Reference Handler" daemon [_thread_blocked, id=9472, stack(0x000000000a160000,0x000000000a260000)]
  0x0000000004ce1000 JavaThread "main" [_thread_in_vm, id=11184, stack(0x0000000004be0000,0x0000000004ce0000)]

Other Threads:
  0x0000000008389000 VMThread [stack: 0x000000000a060000,0x000000000a160000] [id=13320]
  0x000000000a351000 WatcherThread [stack: 0x000000000b150000,0x000000000b250000] [id=21256]

VM state:not at safepoint (normal execution)

VM Mutex/Monitor currently owned by a thread: None

Heap:
 PSYoungGen      total 158720K, used 29582K [0x0000000740900000, 0x0000000751580000, 0x00000007c0000000)
  eden space 142336K, 20% used [0x0000000740900000,0x00000007425e3bb0,0x0000000749400000)
  from space 16384K, 0% used [0x0000000749400000,0x0000000749400000,0x000000074a400000)
  to   space 16384K, 0% used [0x0000000750580000,0x0000000750580000,0x0000000751580000)
 ParOldGen       total 157696K, used 18614K [0x0000000641a00000, 0x000000064b400000, 0x0000000740900000)
  object space 157696K, 11% used [0x0000000641a00000,0x0000000642c2d910,0x000000064b400000)
 Metaspace       used 38698K, capacity 39372K, committed 39680K, reserved 1083392K
  class space    used 5351K, capacity 5591K, committed 5632K, reserved 1048576K

Card table byte_map: [0x00000000051a0000,0x0000000005da0000] byte_map_base: 0x0000000001f93000

Marking Bits: (ParMarkBitMap*) 0x000000005f41d850
 Begin Bits: [0x000000001e010000, 0x0000000023fa8000)
 End Bits:   [0x0000000023fa8000, 0x0000000029f40000)

Polling page: 0x00000000049e0000

CodeCache: size=245760Kb used=13908Kb max_used=13908Kb free=231851Kb
 bounds [0x000000000f010000, 0x000000000fdb0000, 0x000000001e010000]
 total_blobs=4268 nmethods=3582 adapters=597
 compilation: enabled

Compilation events (10 events):
Event: 4.439 Thread 0x000000000a294800 3617       1       javax.xml.namespace.QName::getLocalPart (5 bytes)
Event: 4.439 Thread 0x000000000a294800 nmethod 3617 0x000000000fda5a10 code [0x000000000fda5b60, 0x000000000fda5c70]
Event: 4.439 Thread 0x000000000a294800 3618       3       com.sun.xml.internal.bind.v2.util.QNameMap::indexFor (6 bytes)
Event: 4.439 Thread 0x000000000a294800 nmethod 3618 0x000000000fda5710 code [0x000000000fda5860, 0x000000000fda5990]
Event: 4.439 Thread 0x000000000a294800 3620       3       com.sun.xml.internal.bind.v2.util.QNameMap::hash (36 bytes)
Event: 4.439 Thread 0x000000000a294800 nmethod 3620 0x000000000fda52d0 code [0x000000000fda5440, 0x000000000fda5648]
Event: 4.439 Thread 0x000000000a294800 3619       1       com.sun.xml.internal.bind.v2.model.impl.TypeRefImpl::getTagName (5 bytes)
Event: 4.439 Thread 0x000000000a294800 nmethod 3619 0x000000000fda8850 code [0x000000000fda89a0, 0x000000000fda8ab0]
Event: 4.463 Thread 0x000000000a294800 3621       3       java.security.Permission::<init> (10 bytes)
Event: 4.463 Thread 0x000000000a294800 nmethod 3621 0x000000000fda8d50 code [0x000000000fda8ea0, 0x000000000fda9070]

GC Heap History (10 events):
Event: 1.942 GC heap before
{Heap before GC invocations=3 (full 1):
 PSYoungGen      total 114688K, used 10354K [0x0000000740900000, 0x0000000748900000, 0x00000007c0000000)
  eden space 98304K, 0% used [0x0000000740900000,0x0000000740900000,0x0000000746900000)
  from space 16384K, 63% used [0x0000000747900000,0x000000074831c910,0x0000000748900000)
  to   space 16384K, 0% used [0x0000000746900000,0x0000000746900000,0x0000000747900000)
 ParOldGen       total 262144K, used 24K [0x0000000641a00000, 0x0000000651a00000, 0x0000000740900000)
  object space 262144K, 0% used [0x0000000641a00000,0x0000000641a06000,0x0000000651a00000)
 Metaspace       used 20929K, capacity 21158K, committed 21296K, reserved 1067008K
  class space    used 2871K, capacity 2934K, committed 2944K, reserved 1048576K
Event: 1.975 GC heap after
Heap after GC invocations=3 (full 1):
 PSYoungGen      total 114688K, used 0K [0x0000000740900000, 0x0000000748900000, 0x00000007c0000000)
  eden space 98304K, 0% used [0x0000000740900000,0x0000000740900000,0x0000000746900000)
  from space 16384K, 0% used [0x0000000747900000,0x0000000747900000,0x0000000748900000)
  to   space 16384K, 0% used [0x0000000746900000,0x0000000746900000,0x0000000747900000)
 ParOldGen       total 157696K, used 10007K [0x0000000641a00000, 0x000000064b400000, 0x0000000740900000)
  object space 157696K, 6% used [0x0000000641a00000,0x00000006423c5c10,0x000000064b400000)
 Metaspace       used 20929K, capacity 21158K, committed 21296K, reserved 1067008K
  class space    used 2871K, capacity 2934K, committed 2944K, reserved 1048576K
}
Event: 3.082 GC heap before
{Heap before GC invocations=4 (full 1):
 PSYoungGen      total 114688K, used 98304K [0x0000000740900000, 0x0000000748900000, 0x00000007c0000000)
  eden space 98304K, 100% used [0x0000000740900000,0x0000000746900000,0x0000000746900000)
  from space 16384K, 0% used [0x0000000747900000,0x0000000747900000,0x0000000748900000)
  to   space 16384K, 0% used [0x0000000746900000,0x0000000746900000,0x0000000747900000)
 ParOldGen       total 157696K, used 10007K [0x0000000641a00000, 0x000000064b400000, 0x0000000740900000)
  object space 157696K, 6% used [0x0000000641a00000,0x00000006423c5c10,0x000000064b400000)
 Metaspace       used 27261K, capacity 27702K, committed 28032K, reserved 1073152K
  class space    used 3768K, capacity 3896K, committed 3968K, reserved 1048576K
Event: 3.089 GC heap after
Heap after GC invocations=4 (full 1):
 PSYoungGen      total 114688K, used 8695K [0x0000000740900000, 0x000000074b400000, 0x00000007c0000000)
  eden space 98304K, 0% used [0x0000000740900000,0x0000000740900000,0x0000000746900000)
  from space 16384K, 53% used [0x0000000746900000,0x000000074717de68,0x0000000747900000)
  to   space 16384K, 0% used [0x000000074a400000,0x000000074a400000,0x000000074b400000)
 ParOldGen       total 157696K, used 10015K [0x0000000641a00000, 0x000000064b400000, 0x0000000740900000)
  object space 157696K, 6% used [0x0000000641a00000,0x00000006423c7c10,0x000000064b400000)
 Metaspace       used 27261K, capacity 27702K, committed 28032K, reserved 1073152K
  class space    used 3768K, capacity 3896K, committed 3968K, reserved 1048576K
}
Event: 3.957 GC heap before
{Heap before GC invocations=5 (full 1):
 PSYoungGen      total 114688K, used 106999K [0x0000000740900000, 0x000000074b400000, 0x00000007c0000000)
  eden space 98304K, 100% used [0x0000000740900000,0x0000000746900000,0x0000000746900000)
  from space 16384K, 53% used [0x0000000746900000,0x000000074717de68,0x0000000747900000)
  to   space 16384K, 0% used [0x000000074a400000,0x000000074a400000,0x000000074b400000)
 ParOldGen       total 157696K, used 10015K [0x0000000641a00000, 0x000000064b400000, 0x0000000740900000)
  object space 157696K, 6% used [0x0000000641a00000,0x00000006423c7c10,0x000000064b400000)
 Metaspace       used 34383K, capacity 34904K, committed 35328K, reserved 1079296K
  class space    used 4688K, capacity 4822K, committed 4864K, reserved 1048576K
Event: 3.971 GC heap after
Heap after GC invocations=5 (full 1):
 PSYoungGen      total 158720K, used 14547K [0x0000000740900000, 0x000000074b500000, 0x00000007c0000000)
  eden space 142336K, 0% used [0x0000000740900000,0x0000000740900000,0x0000000749400000)
  from space 16384K, 88% used [0x000000074a400000,0x000000074b234d70,0x000000074b400000)
  to   space 16384K, 0% used [0x0000000749400000,0x0000000749400000,0x000000074a400000)
 ParOldGen       total 157696K, used 10023K [0x0000000641a00000, 0x000000064b400000, 0x0000000740900000)
  object space 157696K, 6% used [0x0000000641a00000,0x00000006423c9c10,0x000000064b400000)
 Metaspace       used 34383K, capacity 34904K, committed 35328K, reserved 1079296K
  class space    used 4688K, capacity 4822K, committed 4864K, reserved 1048576K
}
Event: 4.047 GC heap before
{Heap before GC invocations=6 (full 1):
 PSYoungGen      total 158720K, used 28575K [0x0000000740900000, 0x000000074b500000, 0x00000007c0000000)
  eden space 142336K, 9% used [0x0000000740900000,0x00000007416b31c8,0x0000000749400000)
  from space 16384K, 88% used [0x000000074a400000,0x000000074b234d70,0x000000074b400000)
  to   space 16384K, 0% used [0x0000000749400000,0x0000000749400000,0x000000074a400000)
 ParOldGen       total 157696K, used 10023K [0x0000000641a00000, 0x000000064b400000, 0x0000000740900000)
  object space 157696K, 6% used [0x0000000641a00000,0x00000006423c9c10,0x000000064b400000)
 Metaspace       used 34575K, capacity 35154K, committed 35456K, reserved 1079296K
  class space    used 4721K, capacity 4928K, committed 4992K, reserved 1048576K
Event: 4.057 GC heap after
Heap after GC invocations=6 (full 1):
 PSYoungGen      total 158720K, used 11379K [0x0000000740900000, 0x0000000751580000, 0x00000007c0000000)
  eden space 142336K, 0% used [0x0000000740900000,0x0000000740900000,0x0000000749400000)
  from space 16384K, 69% used [0x0000000749400000,0x0000000749f1ce18,0x000000074a400000)
  to   space 16384K, 0% used [0x0000000750580000,0x0000000750580000,0x0000000751580000)
 ParOldGen       total 157696K, used 10095K [0x0000000641a00000, 0x000000064b400000, 0x0000000740900000)
  object space 157696K, 6% used [0x0000000641a00000,0x00000006423dbc20,0x000000064b400000)
 Metaspace       used 34575K, capacity 35154K, committed 35456K, reserved 1079296K
  class space    used 4721K, capacity 4928K, committed 4992K, reserved 1048576K
}
Event: 4.057 GC heap before
{Heap before GC invocations=7 (full 2):
 PSYoungGen      total 158720K, used 11379K [0x0000000740900000, 0x0000000751580000, 0x00000007c0000000)
  eden space 142336K, 0% used [0x0000000740900000,0x0000000740900000,0x0000000749400000)
  from space 16384K, 69% used [0x0000000749400000,0x0000000749f1ce18,0x000000074a400000)
  to   space 16384K, 0% used [0x0000000750580000,0x0000000750580000,0x0000000751580000)
 ParOldGen       total 157696K, used 10095K [0x0000000641a00000, 0x000000064b400000, 0x0000000740900000)
  object space 157696K, 6% used [0x0000000641a00000,0x00000006423dbc20,0x000000064b400000)
 Metaspace       used 34575K, capacity 35154K, committed 35456K, reserved 1079296K
  class space    used 4721K, capacity 4928K, committed 4992K, reserved 1048576K
Event: 4.100 GC heap after
Heap after GC invocations=7 (full 2):
 PSYoungGen      total 158720K, used 0K [0x0000000740900000, 0x0000000751580000, 0x00000007c0000000)
  eden space 142336K, 0% used [0x0000000740900000,0x0000000740900000,0x0000000749400000)
  from space 16384K, 0% used [0x0000000749400000,0x0000000749400000,0x000000074a400000)
  to   space 16384K, 0% used [0x0000000750580000,0x0000000750580000,0x0000000751580000)
 ParOldGen       total 157696K, used 18614K [0x0000000641a00000, 0x000000064b400000, 0x0000000740900000)
  object space 157696K, 11% used [0x0000000641a00000,0x0000000642c2d910,0x000000064b400000)
 Metaspace       used 34575K, capacity 35154K, committed 35456K, reserved 1079296K
  class space    used 4721K, capacity 4928K, committed 4992K, reserved 1048576K
}

Deoptimization events (10 events):
Event: 4.336 Thread 0x0000000004ce1000 Uncommon trap: reason=class_check action=maybe_recompile pc=0x000000000f8d2558 method=java.util.AbstractList$Itr.hasNext()Z @ 8
Event: 4.337 Thread 0x0000000004ce1000 Uncommon trap: reason=class_check action=maybe_recompile pc=0x000000000f8d2558 method=java.util.AbstractList$Itr.hasNext()Z @ 8
Event: 4.337 Thread 0x0000000004ce1000 Uncommon trap: reason=class_check action=maybe_recompile pc=0x000000000f8d2558 method=java.util.AbstractList$Itr.hasNext()Z @ 8
Event: 4.337 Thread 0x0000000004ce1000 Uncommon trap: reason=class_check action=maybe_recompile pc=0x000000000f8d2558 method=java.util.AbstractList$Itr.hasNext()Z @ 8
Event: 4.389 Thread 0x0000000004ce1000 Uncommon trap: reason=unstable_if action=reinterpret pc=0x000000000f452020 method=sun.misc.MetaIndex.mayContain(Ljava/lang/String;)Z @ 38
Event: 4.389 Thread 0x0000000004ce1000 Uncommon trap: reason=unstable_if action=reinterpret pc=0x000000000f41a514 method=sun.misc.MetaIndex.mayContain(Ljava/lang/String;)Z @ 38
Event: 4.389 Thread 0x0000000004ce1000 Uncommon trap: reason=class_check action=maybe_recompile pc=0x000000000f354184 method=java.io.DataInputStream.readFully([BII)V @ 34
Event: 4.389 Thread 0x0000000004ce1000 Uncommon trap: reason=class_check action=maybe_recompile pc=0x000000000f354184 method=java.io.DataInputStream.readFully([BII)V @ 34
Event: 4.389 Thread 0x0000000004ce1000 Uncommon trap: reason=class_check action=maybe_recompile pc=0x000000000f354184 method=java.io.DataInputStream.readFully([BII)V @ 34
Event: 4.389 Thread 0x0000000004ce1000 Uncommon trap: reason=class_check action=maybe_recompile pc=0x000000000f354184 method=java.io.DataInputStream.readFully([BII)V @ 34

Internal exceptions (10 events):
Event: 4.299 Thread 0x0000000004ce1000 Exception <a 'sun/nio/fs/WindowsException'> (0x0000000741f13968) thrown at [C:\re\workspace\8-2-build-windows-amd64-cygwin\jdk8u144\9417\hotspot\src\share\vm\prims\jni.cpp, line 709]
Event: 4.299 Thread 0x0000000004ce1000 Exception <a 'sun/nio/fs/WindowsException'> (0x0000000741f143c8) thrown at [C:\re\workspace\8-2-build-windows-amd64-cygwin\jdk8u144\9417\hotspot\src\share\vm\prims\jni.cpp, line 709]
Event: 4.299 Thread 0x0000000004ce1000 Exception <a 'sun/nio/fs/WindowsException'> (0x0000000741f15aa0) thrown at [C:\re\workspace\8-2-build-windows-amd64-cygwin\jdk8u144\9417\hotspot\src\share\vm\prims\jni.cpp, line 709]
Event: 4.299 Thread 0x0000000004ce1000 Exception <a 'sun/nio/fs/WindowsException'> (0x0000000741f16538) thrown at [C:\re\workspace\8-2-build-windows-amd64-cygwin\jdk8u144\9417\hotspot\src\share\vm\prims\jni.cpp, line 709]
Event: 4.299 Thread 0x0000000004ce1000 Exception <a 'sun/nio/fs/WindowsException'> (0x0000000741f1b2f0) thrown at [C:\re\workspace\8-2-build-windows-amd64-cygwin\jdk8u144\9417\hotspot\src\share\vm\prims\jni.cpp, line 709]
Event: 4.299 Thread 0x0000000004ce1000 Exception <a 'sun/nio/fs/WindowsException'> (0x0000000741f1bd78) thrown at [C:\re\workspace\8-2-build-windows-amd64-cygwin\jdk8u144\9417\hotspot\src\share\vm\prims\jni.cpp, line 709]
Event: 4.300 Thread 0x0000000004ce1000 Exception <a 'sun/nio/fs/WindowsException'> (0x0000000741f1d478) thrown at [C:\re\workspace\8-2-build-windows-amd64-cygwin\jdk8u144\9417\hotspot\src\share\vm\prims\jni.cpp, line 709]
Event: 4.300 Thread 0x0000000004ce1000 Exception <a 'sun/nio/fs/WindowsException'> (0x0000000741f1df38) thrown at [C:\re\workspace\8-2-build-windows-amd64-cygwin\jdk8u144\9417\hotspot\src\share\vm\prims\jni.cpp, line 709]
Event: 4.307 Thread 0x0000000004ce1000 Exception <a 'java/lang/ClassNotFoundException': com/sun/org/glassfish/hk2/osgiresourcelocator/ServiceLoader> (0x0000000741f759f0) thrown at [C:\re\workspace\8-2-build-windows-amd64-cygwin\jdk8u144\9417\hotspot\src\share\vm\classfile\systemDictionary.cpp,
Event: 4.312 Thread 0x0000000004ce1000 Exception <a 'java/lang/NullPointerException'> (0x00000007420930e0) thrown at [C:\re\workspace\8-2-build-windows-amd64-cygwin\jdk8u144\9417\hotspot\src\share\vm\interpreter\linkResolver.cpp, line 1299]

Events (10 events):
Event: 4.462 loading class javax/xml/transform/stream/StreamSource done
Event: 4.463 loading class com/sun/org/apache/xerces/internal/jaxp/validation/XMLSchemaFactory$XMLGrammarPoolImplExtension
Event: 4.463 loading class com/sun/org/apache/xerces/internal/util/XMLGrammarPoolImpl
Event: 4.463 loading class com/sun/org/apache/xerces/internal/util/XMLGrammarPoolImpl done
Event: 4.463 loading class com/sun/org/apache/xerces/internal/jaxp/validation/XMLSchemaFactory$XMLGrammarPoolImplExtension done
Event: 4.463 loading class com/sun/org/apache/xerces/internal/util/XMLGrammarPoolImpl$Entry
Event: 4.464 loading class com/sun/org/apache/xerces/internal/util/XMLGrammarPoolImpl$Entry done
Event: 4.464 loading class com/sun/org/apache/xerces/internal/xni/parser/XMLInputSource
Event: 4.464 loading class com/sun/org/apache/xerces/internal/xni/parser/XMLInputSource done
Event: 4.464 loading class com/sun/org/apache/xerces/internal/impl/dv/SchemaDVFactory


Dynamic libraries:
0x00007ff70ee50000 - 0x00007ff70ee87000 	C:\java\jdk1.8.0_144\bin\java.exe
0x00007ffb7ed10000 - 0x00007ffb7eef0000 	C:\WINDOWS\SYSTEM32\ntdll.dll
0x00007ffb7e610000 - 0x00007ffb7e6be000 	C:\WINDOWS\System32\KERNEL32.DLL
0x00007ffb7b480000 - 0x00007ffb7b6e6000 	C:\WINDOWS\System32\KERNELBASE.dll
0x0000000063d40000 - 0x0000000063dd2000 	C:\WINDOWS\System32\SYSFER.DLL
0x00007ffb7e140000 - 0x00007ffb7e1e1000 	C:\WINDOWS\System32\ADVAPI32.dll
0x00007ffb7d7b0000 - 0x00007ffb7d84d000 	C:\WINDOWS\System32\msvcrt.dll
0x00007ffb7e0e0000 - 0x00007ffb7e13b000 	C:\WINDOWS\System32\sechost.dll
0x00007ffb7e6c0000 - 0x00007ffb7e7df000 	C:\WINDOWS\System32\RPCRT4.dll
0x00007ffb7d620000 - 0x00007ffb7d7af000 	C:\WINDOWS\System32\USER32.dll
0x00007ffb7b7a0000 - 0x00007ffb7b7c0000 	C:\WINDOWS\System32\win32u.dll
0x00007ffb7db20000 - 0x00007ffb7db48000 	C:\WINDOWS\System32\GDI32.dll
0x00007ffb7b1e0000 - 0x00007ffb7b373000 	C:\WINDOWS\System32\gdi32full.dll
0x00007ffb7b9f0000 - 0x00007ffb7ba8b000 	C:\WINDOWS\System32\msvcp_win.dll
0x00007ffb7b380000 - 0x00007ffb7b476000 	C:\WINDOWS\System32\ucrtbase.dll
0x00007ffb739f0000 - 0x00007ffb73c59000 	C:\WINDOWS\WinSxS\amd64_microsoft.windows.common-controls_6595b64144ccf1df_6.0.16299.309_none_15cfd4c4935e6b11\COMCTL32.dll
0x00007ffb7dcc0000 - 0x00007ffb7dfc8000 	C:\WINDOWS\System32\combase.dll
0x00007ffb7b110000 - 0x00007ffb7b182000 	C:\WINDOWS\System32\bcryptPrimitives.dll
0x00007ffb7e5d0000 - 0x00007ffb7e5fd000 	C:\WINDOWS\System32\IMM32.DLL
0x00007ffb709d0000 - 0x00007ffb70a05000 	C:\WINDOWS\SYSTEM32\EQDTPSpy.dll
0x00007ffb68a50000 - 0x00007ffb68bc2000 	C:\WINDOWS\SYSTEM32\EqDtpHook.dll
0x000000000f000000 - 0x000000000f006000 	C:\WINDOWS\SYSTEM32\detoured_EQ.dll
0x00007ffb75d30000 - 0x00007ffb75db6000 	C:\WINDOWS\SYSTEM32\WINSPOOL.DRV
0x00007ffb7a620000 - 0x00007ffb7a659000 	C:\WINDOWS\SYSTEM32\IPHLPAPI.DLL
0x00007ffb7ab60000 - 0x00007ffb7ab85000 	C:\WINDOWS\SYSTEM32\bcrypt.dll
0x0000000060a60000 - 0x0000000060b32000 	C:\java\jdk1.8.0_144\jre\bin\msvcr100.dll
0x000000005ec00000 - 0x000000005f49d000 	C:\java\jdk1.8.0_144\jre\bin\server\jvm.dll
0x00007ffb7e600000 - 0x00007ffb7e608000 	C:\WINDOWS\System32\PSAPI.DLL
0x00007ffb6fe20000 - 0x00007ffb6fe29000 	C:\WINDOWS\SYSTEM32\WSOCK32.dll
0x00007ffb7e360000 - 0x00007ffb7e3cc000 	C:\WINDOWS\System32\WS2_32.dll
0x00007ffb79050000 - 0x00007ffb79073000 	C:\WINDOWS\SYSTEM32\WINMM.dll
0x00007ffb75290000 - 0x00007ffb7529a000 	C:\WINDOWS\SYSTEM32\VERSION.dll
0x00007ffb78e80000 - 0x00007ffb78eaa000 	C:\WINDOWS\SYSTEM32\WINMMBASE.dll
0x00007ffb7b190000 - 0x00007ffb7b1da000 	C:\WINDOWS\System32\cfgmgr32.dll
0x000000005ebf0000 - 0x000000005ebff000 	C:\java\jdk1.8.0_144\jre\bin\verify.dll
0x000000005ebc0000 - 0x000000005ebe9000 	C:\java\jdk1.8.0_144\jre\bin\java.dll
0x000000005eba0000 - 0x000000005ebb6000 	C:\java\jdk1.8.0_144\jre\bin\zip.dll
0x00007ffb7c1e0000 - 0x00007ffb7d616000 	C:\WINDOWS\System32\SHELL32.dll
0x00007ffb7d9a0000 - 0x00007ffb7da46000 	C:\WINDOWS\System32\shcore.dll
0x00007ffb7ba90000 - 0x00007ffb7c1d7000 	C:\WINDOWS\System32\windows.storage.dll
0x00007ffb7d860000 - 0x00007ffb7d8b1000 	C:\WINDOWS\System32\shlwapi.dll
0x00007ffb7b080000 - 0x00007ffb7b091000 	C:\WINDOWS\System32\kernel.appcore.dll
0x00007ffb7b0c0000 - 0x00007ffb7b10c000 	C:\WINDOWS\System32\powrprof.dll
0x00007ffb7b0a0000 - 0x00007ffb7b0bb000 	C:\WINDOWS\System32\profapi.dll
0x000000005eb80000 - 0x000000005eb9a000 	C:\java\jdk1.8.0_144\jre\bin\net.dll
0x00007ffb7a890000 - 0x00007ffb7a8f6000 	C:\WINDOWS\system32\mswsock.dll
0x000000005eb60000 - 0x000000005eb71000 	C:\java\jdk1.8.0_144\jre\bin\nio.dll
0x00007ffb712e0000 - 0x00007ffb712f2000 	C:\Users\stislin\.gradle\native\19\windows-amd64\native-platform.dll
0x0000000180000000 - 0x0000000180037000 	C:\Users\stislin\.gradle\native\jna\win32-amd64\jnidispatch.dll
0x00007ffb7aa50000 - 0x00007ffb7aa67000 	C:\WINDOWS\SYSTEM32\CRYPTSP.dll
0x00007ffb7a490000 - 0x00007ffb7a4c3000 	C:\WINDOWS\system32\rsaenh.dll
0x00007ffb7af90000 - 0x00007ffb7afb9000 	C:\WINDOWS\SYSTEM32\USERENV.dll
0x00007ffb7aa70000 - 0x00007ffb7aa7b000 	C:\WINDOWS\SYSTEM32\CRYPTBASE.dll
0x00007ffb7d850000 - 0x00007ffb7d858000 	C:\WINDOWS\System32\NSI.dll
0x00007ffb780d0000 - 0x00007ffb780e6000 	C:\WINDOWS\SYSTEM32\dhcpcsvc6.DLL
0x00007ffb77980000 - 0x00007ffb7799a000 	C:\WINDOWS\SYSTEM32\dhcpcsvc.DLL
0x000000005eb50000 - 0x000000005eb5d000 	C:\java\jdk1.8.0_144\jre\bin\management.dll

VM Arguments:
jvm_args: -Dorg.gradle.appname=gradlew 
java_command: org.gradle.wrapper.GradleWrapperMain installDebug
java_class_path (initial): c:\nspires\react-native\rnapp2\android\\gradle\wrapper\gradle-wrapper.jar
Launcher Type: SUN_STANDARD

Environment Variables:
JAVA_HOME=C:\java\jdk1.8.0_144
CLASSPATH=c:\nspires\react-native\rnapp2\android\\gradle\wrapper\gradle-wrapper.jar
PATH=C:\Program Files\Docker\Docker\Resources\bin;C:\app\local-admin\product\11.2.0\client_3\bin;C:\app\local-admin\product\11.2.0\client_2;C:\app\local-admin\product\11.2.0\client_1;C:\app\local-admin\product\12.2.0\client_1;C:\ProgramData\Oracle\Java\javapath;C:\Program Files (x86)\Intel\iCLS Client\;C:\Program Files\Intel\iCLS Client\;C:\WINDOWS\system32;C:\WINDOWS;C:\WINDOWS\System32\Wbem;C:\WINDOWS\System32\WindowsPowerShell\v1.0\;C:\Program Files (x86)\Intel\Intel(R) Management Engine Components\DAL;C:\Program Files\Intel\Intel(R) Management Engine Components\DAL;C:\Program Files (x86)\Intel\Intel(R) Management Engine Components\IPT;C:\Program Files\Intel\Intel(R) Management Engine Components\IPT;C:\bc\Geth;C:\nodejs\;C:\Users\stislin\AppData\Roaming\npm;C:\Program Files (x86)\Windows Kits\8.1\Windows Performance Toolkit\;C:\Git\cmd;C:\Users\stislin\AppData\Roaming\npm;c:\minikube;C:\Program Files\TortoiseSVN\bin;c:\php;C:\Program Files\Oracle\VirtualBox522;C:\Users\stislin\AppData\Local\Android\Sdk\tools;C:\Users\stislin\AppData\Local\Android\Sdk\platform-tools;C:\Users\stislin\;C:\Users\stislin\AppData\Local\Android\Sdk\tools\bin;C:\Users\stislin\AppData\Local\Microsoft\WindowsApps;C:\Users\stislin\AppData\Roaming\npm;C:\Users\stislin\AppData\Local\atom\bin;C:\Git\cmd
USERNAME=stislin
OS=Windows_NT
PROCESSOR_IDENTIFIER=Intel64 Family 6 Model 94 Stepping 3, GenuineIntel



---------------  S Y S T E M  ---------------

OS: Windows 10.0 , 64 bit Build 16299 (10.0.16299.15)

CPU:total 8 (initial active 8) (4 cores per cpu, 2 threads per core) family 6 model 94 stepping 3, cmov, cx8, fxsr, mmx, sse, sse2, sse3, ssse3, sse4.1, sse4.2, popcnt, avx, avx2, aes, clmul, erms, rtm, 3dnowpref, lzcnt, ht, tsc, tscinvbit, bmi1, bmi2, adx

Memory: 4k page, physical 25055244k(6048416k free), swap 29104140k(9372k free)

vm_info: Java HotSpot(TM) 64-Bit Server VM (25.144-b01) for windows-amd64 JRE (1.8.0_144-b01), built on Jul 21 2017 21:57:33 by "java_re" with MS VC++ 10.0 (VS2010)

time: Fri May 18 12:33:46 2018
elapsed time: 4 seconds (0d 0h 0m 4s)

