#
# There is insufficient memory for the Java Runtime Environment to continue.
# Native memory allocation (malloc) failed to allocate 65552 bytes for Chunk::new
# Possible reasons:
#   The system is out of physical RAM or swap space
#   In 32 bit mode, the process size limit was hit
# Possible solutions:
#   Reduce memory load on the system
#   Increase physical memory or swap space
#   Check if swap backing store is full
#   Use 64 bit Java on a 64 bit OS
#   Decrease Java heap size (-Xmx/-Xms)
#   Decrease number of Java threads
#   Decrease Java thread stack sizes (-Xss)
#   Set larger code cache with -XX:ReservedCodeCacheSize=
# This output file may be truncated or incomplete.
#
#  Out of Memory Error (allocation.cpp:390), pid=23232, tid=0x00000000000026c8
#
# JRE version: Java(TM) SE Runtime Environment (8.0_144-b01) (build 1.8.0_144-b01)
# Java VM: Java HotSpot(TM) 64-Bit Server VM (25.144-b01 mixed mode windows-amd64 compressed oops)
# Failed to write core dump. Minidumps are not enabled by default on client versions of Windows
#

---------------  T H R E A D  ---------------

Current thread (0x000000000a020000):  JavaThread "C2 CompilerThread2" daemon [_thread_in_native, id=9928, stack(0x000000000ab80000,0x000000000ac80000)]

Stack: [0x000000000ab80000,0x000000000ac80000]
[error occurred during error reporting (printing stack bounds), id 0xc0000005]

Native frames: (J=compiled Java code, j=interpreted, Vv=VM code, C=native code)


Current CompileTask:
C2:   1261 1036       4       java.net.URLClassLoader$1::run (5 bytes)


---------------  P R O C E S S  ---------------

Java Threads: ( => current thread )
  0x000000000a060000 JavaThread "Service Thread" daemon [_thread_blocked, id=7540, stack(0x000000000ad80000,0x000000000ae80000)]
  0x000000000a030000 JavaThread "C1 CompilerThread3" daemon [_thread_blocked, id=15532, stack(0x000000000ac80000,0x000000000ad80000)]
=>0x000000000a020000 JavaThread "C2 CompilerThread2" daemon [_thread_in_native, id=9928, stack(0x000000000ab80000,0x000000000ac80000)]
  0x0000000009fbc000 JavaThread "C2 CompilerThread1" daemon [_thread_blocked, id=24244, stack(0x000000000a980000,0x000000000aa80000)]
  0x0000000009fb8800 JavaThread "C2 CompilerThread0" daemon [_thread_blocked, id=11980, stack(0x000000000a880000,0x000000000a980000)]
  0x0000000009fb7800 JavaThread "Attach Listener" daemon [_thread_blocked, id=21192, stack(0x000000000a780000,0x000000000a880000)]
  0x0000000009fb6000 JavaThread "Signal Dispatcher" daemon [_thread_blocked, id=22376, stack(0x000000000a680000,0x000000000a780000)]
  0x0000000009fb0800 JavaThread "Finalizer" daemon [_thread_blocked, id=23596, stack(0x000000000a390000,0x000000000a490000)]
  0x00000000080bd800 JavaThread "Reference Handler" daemon [_thread_blocked, id=17204, stack(0x0000000009e90000,0x0000000009f90000)]
  0x0000000004a11000 JavaThread "main" [_thread_in_vm, id=23612, stack(0x0000000004860000,0x0000000004960000)]

Other Threads:
  0x00000000080b9800 VMThread [stack: 0x0000000009d90000,0x0000000009e90000] [id=23024]
  0x000000000a048800 WatcherThread [stack: 0x000000000ae80000,0x000000000af80000] [id=15872]

VM state:not at safepoint (normal execution)

VM Mutex/Monitor currently owned by a thread: None

Heap:
 PSYoungGen      total 114688K, used 88788K [0x0000000740900000, 0x0000000748900000, 0x00000007c0000000)
  eden space 98304K, 90% used [0x0000000740900000,0x0000000745fb51d0,0x0000000746900000)
  from space 16384K, 0% used [0x0000000747900000,0x0000000747900000,0x0000000748900000)
  to   space 16384K, 0% used [0x0000000746900000,0x0000000746900000,0x0000000747900000)
 ParOldGen       total 262144K, used 0K [0x0000000641a00000, 0x0000000651a00000, 0x0000000740900000)
  object space 262144K, 0% used [0x0000000641a00000,0x0000000641a00000,0x0000000651a00000)
 Metaspace       used 15608K, capacity 15920K, committed 16128K, reserved 1062912K
  class space    used 2121K, capacity 2216K, committed 2304K, reserved 1048576K

Card table byte_map: [0x0000000004ed0000,0x0000000005ad0000] byte_map_base: 0x0000000001cc3000

Marking Bits: (ParMarkBitMap*) 0x000000005f41d850
 Begin Bits: [0x000000001e010000, 0x0000000023fa8000)
 End Bits:   [0x0000000023fa8000, 0x0000000029f40000)

Polling page: 0x0000000002ec0000

CodeCache: size=245760Kb used=3882Kb max_used=3894Kb free=241877Kb
 bounds [0x000000000f010000, 0x000000000f3f0000, 0x000000001e010000]
 total_blobs=1401 nmethods=1045 adapters=269
 compilation: enabled

Compilation events (10 events):
Event: 1.236 Thread 0x000000000a030000 nmethod 1040 0x000000000f3d5610 code [0x000000000f3d58a0, 0x000000000f3d6c18]
Event: 1.236 Thread 0x000000000a030000 1041       3       org.gradle.internal.service.DefaultServiceRegistry$SingletonService::getFactory (20 bytes)
Event: 1.237 Thread 0x000000000a030000 nmethod 1041 0x000000000f3d33d0 code [0x000000000f3d3560, 0x000000000f3d38b8]
Event: 1.237 Thread 0x000000000a030000 1042       3       org.gradle.internal.service.DefaultServiceRegistry$OwnServices::getService (274 bytes)
Event: 1.237 Thread 0x0000000009fb8800 nmethod 1039 0x000000000f3d2a90 code [0x000000000f3d2c00, 0x000000000f3d2fa8]
Event: 1.239 Thread 0x000000000a030000 nmethod 1042 0x000000000f3da210 code [0x000000000f3da660, 0x000000000f3dceb8]
Event: 1.241 Thread 0x000000000a030000 1043       3       java.io.WinNTFileSystem::parentOrNull (171 bytes)
Event: 1.242 Thread 0x000000000a030000 nmethod 1043 0x000000000f3d8d50 code [0x000000000f3d8f80, 0x000000000f3d9cf8]
Event: 1.247 Thread 0x0000000009fbc000 1044       4       java.lang.Character::charCount (12 bytes)
Event: 1.248 Thread 0x0000000009fbc000 nmethod 1044 0x000000000f3d7650 code [0x000000000f3d7780, 0x000000000f3d77d8]

GC Heap History (0 events):
No events

Deoptimization events (10 events):
Event: 0.735 Thread 0x0000000004a11000 Uncommon trap: reason=class_check action=maybe_recompile pc=0x000000000f27ca40 method=java.util.HashMap.putVal(ILjava/lang/Object;Ljava/lang/Object;ZZ)Ljava/lang/Object; @ 203
Event: 0.735 Thread 0x0000000004a11000 Uncommon trap: reason=class_check action=maybe_recompile pc=0x000000000f27ca40 method=java.util.HashMap.putVal(ILjava/lang/Object;Ljava/lang/Object;ZZ)Ljava/lang/Object; @ 203
Event: 0.736 Thread 0x0000000004a11000 Uncommon trap: reason=class_check action=maybe_recompile pc=0x000000000f27ca40 method=java.util.HashMap.putVal(ILjava/lang/Object;Ljava/lang/Object;ZZ)Ljava/lang/Object; @ 203
Event: 0.737 Thread 0x0000000004a11000 Uncommon trap: reason=class_check action=maybe_recompile pc=0x000000000f288ad0 method=java.util.HashMap.putVal(ILjava/lang/Object;Ljava/lang/Object;ZZ)Ljava/lang/Object; @ 203
Event: 0.965 Thread 0x0000000004a11000 Uncommon trap: reason=bimorphic action=maybe_recompile pc=0x000000000f2ce4f4 method=java.util.HashMap.putVal(ILjava/lang/Object;Ljava/lang/Object;ZZ)Ljava/lang/Object; @ 203
Event: 0.965 Thread 0x0000000004a11000 Uncommon trap: reason=bimorphic action=maybe_recompile pc=0x000000000f2ce4f4 method=java.util.HashMap.putVal(ILjava/lang/Object;Ljava/lang/Object;ZZ)Ljava/lang/Object; @ 203
Event: 0.965 Thread 0x0000000004a11000 Uncommon trap: reason=bimorphic action=maybe_recompile pc=0x000000000f2ce4f4 method=java.util.HashMap.putVal(ILjava/lang/Object;Ljava/lang/Object;ZZ)Ljava/lang/Object; @ 203
Event: 0.965 Thread 0x0000000004a11000 Uncommon trap: reason=bimorphic action=maybe_recompile pc=0x000000000f2ce4f4 method=java.util.HashMap.putVal(ILjava/lang/Object;Ljava/lang/Object;ZZ)Ljava/lang/Object; @ 203
Event: 1.167 Thread 0x0000000004a11000 Uncommon trap: reason=bimorphic action=maybe_recompile pc=0x000000000f2bada4 method=java.util.HashMap.putVal(ILjava/lang/Object;Ljava/lang/Object;ZZ)Ljava/lang/Object; @ 203
Event: 1.167 Thread 0x0000000004a11000 Uncommon trap: reason=bimorphic action=maybe_recompile pc=0x000000000f2c1010 method=java.util.HashMap.putVal(ILjava/lang/Object;Ljava/lang/Object;ZZ)Ljava/lang/Object; @ 203

Internal exceptions (10 events):
Event: 1.154 Thread 0x0000000004a11000 Exception <a 'java/lang/ClassNotFoundException': groovy/lang/ExpandoMetaClassBeanInfo> (0x00000007454b0e88) thrown at [C:\re\workspace\8-2-build-windows-amd64-cygwin\jdk8u144\9417\hotspot\src\share\vm\classfile\systemDictionary.cpp, line 210]
Event: 1.156 Thread 0x0000000004a11000 Exception <a 'java/lang/ClassNotFoundException': groovy/lang/MetaClassImplBeanInfo> (0x00000007454bbb20) thrown at [C:\re\workspace\8-2-build-windows-amd64-cygwin\jdk8u144\9417\hotspot\src\share\vm\classfile\systemDictionary.cpp, line 210]
Event: 1.156 Thread 0x0000000004a11000 Exception <a 'java/lang/ClassNotFoundException': java/lang/ObjectBeanInfo> (0x00000007454c0aa8) thrown at [C:\re\workspace\8-2-build-windows-amd64-cygwin\jdk8u144\9417\hotspot\src\share\vm\classfile\systemDictionary.cpp, line 210]
Event: 1.157 Thread 0x0000000004a11000 Exception <a 'java/lang/ClassNotFoundException': java/lang/ObjectCustomizer> (0x00000007454c5b78) thrown at [C:\re\workspace\8-2-build-windows-amd64-cygwin\jdk8u144\9417\hotspot\src\share\vm\classfile\systemDictionary.cpp, line 210]
Event: 1.163 Thread 0x0000000004a11000 Exception <a 'java/lang/ClassNotFoundException': groovy/lang/MetaClassImplCustomizer> (0x00000007454d8568) thrown at [C:\re\workspace\8-2-build-windows-amd64-cygwin\jdk8u144\9417\hotspot\src\share\vm\classfile\systemDictionary.cpp, line 210]
Event: 1.166 Thread 0x0000000004a11000 Exception <a 'java/lang/ClassNotFoundException': groovy/lang/ExpandoMetaClassCustomizer> (0x000000074550bf08) thrown at [C:\re\workspace\8-2-build-windows-amd64-cygwin\jdk8u144\9417\hotspot\src\share\vm\classfile\systemDictionary.cpp, line 210]
Event: 1.171 Thread 0x0000000004a11000 Exception <a 'java/lang/ClassNotFoundException': org/gradle/api/internal/plugins/DefaultExtraPropertiesExtensionBeanInfo> (0x000000074558cae0) thrown at [C:\re\workspace\8-2-build-windows-amd64-cygwin\jdk8u144\9417\hotspot\src\share\vm\classfile\systemDic
Event: 1.172 Thread 0x0000000004a11000 Exception <a 'java/lang/ClassNotFoundException': groovy/lang/GroovyObjectSupportBeanInfo> (0x0000000745598918) thrown at [C:\re\workspace\8-2-build-windows-amd64-cygwin\jdk8u144\9417\hotspot\src\share\vm\classfile\systemDictionary.cpp, line 210]
Event: 1.172 Thread 0x0000000004a11000 Exception <a 'java/lang/ClassNotFoundException': groovy/lang/GroovyObjectSupportCustomizer> (0x00000007455a4ad8) thrown at [C:\re\workspace\8-2-build-windows-amd64-cygwin\jdk8u144\9417\hotspot\src\share\vm\classfile\systemDictionary.cpp, line 210]
Event: 1.172 Thread 0x0000000004a11000 Exception <a 'java/lang/ClassNotFoundException': org/gradle/api/internal/plugins/DefaultExtraPropertiesExtensionCustomizer> (0x00000007455baf18) thrown at [C:\re\workspace\8-2-build-windows-amd64-cygwin\jdk8u144\9417\hotspot\src\share\vm\classfile\systemD

Events (10 events):
Event: 1.252 loading class org/gradle/cache/internal/cacheops/CacheAccessOperationsStack
Event: 1.252 loading class org/gradle/cache/internal/cacheops/CacheAccessOperationsStack done
Event: 1.252 loading class org/gradle/cache/internal/DefaultCacheFactory$DirCacheReference
Event: 1.252 loading class org/gradle/cache/internal/DefaultCacheFactory$DirCacheReference done
Event: 1.252 loading class org/gradle/cache/internal/DefaultCacheFactory$ReferenceTrackingCache
Event: 1.252 loading class org/gradle/cache/internal/DefaultCacheFactory$ReferenceTrackingCache done
Event: 1.253 loading class org/gradle/plugin/use/resolve/service/internal/PersistentCachingPluginResolutionServiceClient
Event: 1.253 loading class org/gradle/plugin/use/resolve/service/internal/PersistentCachingPluginResolutionServiceClient done
Event: 1.253 loading class org/gradle/plugin/use/resolve/service/internal/PersistentCachingPluginResolutionServiceClient$PluginRequestKey$Serializer
Event: 1.253 loading class org/gradle/plugin/use/resolve/service/internal/PersistentCachingPluginResolutionServiceClient$PluginRequestKey$Serializer done


Dynamic libraries:
0x00007ff70ee50000 - 0x00007ff70ee87000 	C:\java\jdk1.8.0_144\bin\java.exe
0x00007ffb7ed10000 - 0x00007ffb7eef0000 	C:\WINDOWS\SYSTEM32\ntdll.dll
0x00007ffb7e610000 - 0x00007ffb7e6be000 	C:\WINDOWS\System32\KERNEL32.DLL
0x00007ffb7b480000 - 0x00007ffb7b6e6000 	C:\WINDOWS\System32\KERNELBASE.dll
0x0000000063d40000 - 0x0000000063dd2000 	C:\WINDOWS\System32\SYSFER.DLL
0x00007ffb7e140000 - 0x00007ffb7e1e1000 	C:\WINDOWS\System32\ADVAPI32.dll
0x00007ffb7d7b0000 - 0x00007ffb7d84d000 	C:\WINDOWS\System32\msvcrt.dll
0x00007ffb7e0e0000 - 0x00007ffb7e13b000 	C:\WINDOWS\System32\sechost.dll
0x00007ffb7e6c0000 - 0x00007ffb7e7df000 	C:\WINDOWS\System32\RPCRT4.dll
0x00007ffb7d620000 - 0x00007ffb7d7af000 	C:\WINDOWS\System32\USER32.dll
0x00007ffb7b7a0000 - 0x00007ffb7b7c0000 	C:\WINDOWS\System32\win32u.dll
0x00007ffb7db20000 - 0x00007ffb7db48000 	C:\WINDOWS\System32\GDI32.dll
0x00007ffb7b1e0000 - 0x00007ffb7b373000 	C:\WINDOWS\System32\gdi32full.dll
0x00007ffb7b9f0000 - 0x00007ffb7ba8b000 	C:\WINDOWS\System32\msvcp_win.dll
0x00007ffb7b380000 - 0x00007ffb7b476000 	C:\WINDOWS\System32\ucrtbase.dll
0x00007ffb739f0000 - 0x00007ffb73c59000 	C:\WINDOWS\WinSxS\amd64_microsoft.windows.common-controls_6595b64144ccf1df_6.0.16299.309_none_15cfd4c4935e6b11\COMCTL32.dll
0x00007ffb7dcc0000 - 0x00007ffb7dfc8000 	C:\WINDOWS\System32\combase.dll
0x00007ffb7b110000 - 0x00007ffb7b182000 	C:\WINDOWS\System32\bcryptPrimitives.dll
0x00007ffb7e5d0000 - 0x00007ffb7e5fd000 	C:\WINDOWS\System32\IMM32.DLL
0x00007ffb709d0000 - 0x00007ffb70a05000 	C:\WINDOWS\SYSTEM32\EQDTPSpy.dll
0x00007ffb68a50000 - 0x00007ffb68bc2000 	C:\WINDOWS\SYSTEM32\EqDtpHook.dll
0x000000000f000000 - 0x000000000f006000 	C:\WINDOWS\SYSTEM32\detoured_EQ.dll
0x00007ffb75d30000 - 0x00007ffb75db6000 	C:\WINDOWS\SYSTEM32\WINSPOOL.DRV
0x00007ffb7a620000 - 0x00007ffb7a659000 	C:\WINDOWS\SYSTEM32\IPHLPAPI.DLL
0x00007ffb7ab60000 - 0x00007ffb7ab85000 	C:\WINDOWS\SYSTEM32\bcrypt.dll
0x0000000060a60000 - 0x0000000060b32000 	C:\java\jdk1.8.0_144\jre\bin\msvcr100.dll
0x000000005ec00000 - 0x000000005f49d000 	C:\java\jdk1.8.0_144\jre\bin\server\jvm.dll
0x00007ffb7e600000 - 0x00007ffb7e608000 	C:\WINDOWS\System32\PSAPI.DLL
0x00007ffb6fe20000 - 0x00007ffb6fe29000 	C:\WINDOWS\SYSTEM32\WSOCK32.dll
0x00007ffb7e360000 - 0x00007ffb7e3cc000 	C:\WINDOWS\System32\WS2_32.dll
0x00007ffb79050000 - 0x00007ffb79073000 	C:\WINDOWS\SYSTEM32\WINMM.dll
0x00007ffb75290000 - 0x00007ffb7529a000 	C:\WINDOWS\SYSTEM32\VERSION.dll
0x00007ffb78e80000 - 0x00007ffb78eaa000 	C:\WINDOWS\SYSTEM32\WINMMBASE.dll
0x00007ffb7b190000 - 0x00007ffb7b1da000 	C:\WINDOWS\System32\cfgmgr32.dll
0x000000005ebf0000 - 0x000000005ebff000 	C:\java\jdk1.8.0_144\jre\bin\verify.dll
0x000000005ebc0000 - 0x000000005ebe9000 	C:\java\jdk1.8.0_144\jre\bin\java.dll
0x000000005eba0000 - 0x000000005ebb6000 	C:\java\jdk1.8.0_144\jre\bin\zip.dll
0x00007ffb7c1e0000 - 0x00007ffb7d616000 	C:\WINDOWS\System32\SHELL32.dll
0x00007ffb7d9a0000 - 0x00007ffb7da46000 	C:\WINDOWS\System32\shcore.dll
0x00007ffb7ba90000 - 0x00007ffb7c1d7000 	C:\WINDOWS\System32\windows.storage.dll
0x00007ffb7d860000 - 0x00007ffb7d8b1000 	C:\WINDOWS\System32\shlwapi.dll
0x00007ffb7b080000 - 0x00007ffb7b091000 	C:\WINDOWS\System32\kernel.appcore.dll
0x00007ffb7b0c0000 - 0x00007ffb7b10c000 	C:\WINDOWS\System32\powrprof.dll
0x00007ffb7b0a0000 - 0x00007ffb7b0bb000 	C:\WINDOWS\System32\profapi.dll
0x000000005eb80000 - 0x000000005eb9a000 	C:\java\jdk1.8.0_144\jre\bin\net.dll
0x00007ffb7a890000 - 0x00007ffb7a8f6000 	C:\WINDOWS\system32\mswsock.dll
0x000000005eb60000 - 0x000000005eb71000 	C:\java\jdk1.8.0_144\jre\bin\nio.dll
0x00007ffb63190000 - 0x00007ffb631a2000 	C:\Users\stislin\.gradle\native\19\windows-amd64\native-platform.dll
0x0000000180000000 - 0x0000000180037000 	C:\Users\stislin\.gradle\native\jna\win32-amd64\jnidispatch.dll
0x00007ffb7aa50000 - 0x00007ffb7aa67000 	C:\WINDOWS\SYSTEM32\CRYPTSP.dll
0x00007ffb7a490000 - 0x00007ffb7a4c3000 	C:\WINDOWS\system32\rsaenh.dll
0x00007ffb7af90000 - 0x00007ffb7afb9000 	C:\WINDOWS\SYSTEM32\USERENV.dll
0x00007ffb7aa70000 - 0x00007ffb7aa7b000 	C:\WINDOWS\SYSTEM32\CRYPTBASE.dll
0x00007ffb7d850000 - 0x00007ffb7d858000 	C:\WINDOWS\System32\NSI.dll
0x00007ffb780d0000 - 0x00007ffb780e6000 	C:\WINDOWS\SYSTEM32\dhcpcsvc6.DLL
0x00007ffb77980000 - 0x00007ffb7799a000 	C:\WINDOWS\SYSTEM32\dhcpcsvc.DLL
0x000000005eb50000 - 0x000000005eb5d000 	C:\java\jdk1.8.0_144\jre\bin\management.dll

VM Arguments:
jvm_args: -Dorg.gradle.appname=gradlew 
java_command: org.gradle.wrapper.GradleWrapperMain installDebug
java_class_path (initial): c:\nspires\react-native\rnapp2\android\\gradle\wrapper\gradle-wrapper.jar
Launcher Type: SUN_STANDARD

Environment Variables:
JAVA_HOME=C:\java\jdk1.8.0_144
CLASSPATH=c:\nspires\react-native\rnapp2\android\\gradle\wrapper\gradle-wrapper.jar
PATH=C:\Program Files\Docker\Docker\Resources\bin;C:\app\local-admin\product\11.2.0\client_3\bin;C:\app\local-admin\product\11.2.0\client_2;C:\app\local-admin\product\11.2.0\client_1;C:\app\local-admin\product\12.2.0\client_1;C:\ProgramData\Oracle\Java\javapath;C:\Program Files (x86)\Intel\iCLS Client\;C:\Program Files\Intel\iCLS Client\;C:\WINDOWS\system32;C:\WINDOWS;C:\WINDOWS\System32\Wbem;C:\WINDOWS\System32\WindowsPowerShell\v1.0\;C:\Program Files (x86)\Intel\Intel(R) Management Engine Components\DAL;C:\Program Files\Intel\Intel(R) Management Engine Components\DAL;C:\Program Files (x86)\Intel\Intel(R) Management Engine Components\IPT;C:\Program Files\Intel\Intel(R) Management Engine Components\IPT;C:\bc\Geth;C:\nodejs\;C:\Users\stislin\AppData\Roaming\npm;C:\Program Files (x86)\Windows Kits\8.1\Windows Performance Toolkit\;C:\Git\cmd;C:\Users\stislin\AppData\Roaming\npm;c:\minikube;C:\Program Files\TortoiseSVN\bin;c:\php;C:\Program Files\Oracle\VirtualBox522;C:\Users\stislin\AppData\Local\Android\Sdk\tools;C:\Users\stislin\AppData\Local\Android\Sdk\platform-tools;C:\Users\stislin\;C:\Users\stislin\AppData\Local\Android\Sdk\tools\bin;C:\Users\stislin\AppData\Local\Microsoft\WindowsApps;C:\Users\stislin\AppData\Roaming\npm;C:\Users\stislin\AppData\Local\atom\bin;C:\Git\cmd
USERNAME=stislin
OS=Windows_NT
PROCESSOR_IDENTIFIER=Intel64 Family 6 Model 94 Stepping 3, GenuineIntel



---------------  S Y S T E M  ---------------

OS: Windows 10.0 , 64 bit Build 16299 (10.0.16299.15)

CPU:total 8 (initial active 8) (4 cores per cpu, 2 threads per core) family 6 model 94 stepping 3, cmov, cx8, fxsr, mmx, sse, sse2, sse3, ssse3, sse4.1, sse4.2, popcnt, avx, avx2, aes, clmul, erms, rtm, 3dnowpref, lzcnt, ht, tsc, tscinvbit, bmi1, bmi2, adx

Memory: 4k page, physical 25055244k(4816692k free), swap 29104140k(3672k free)

vm_info: Java HotSpot(TM) 64-Bit Server VM (25.144-b01) for windows-amd64 JRE (1.8.0_144-b01), built on Jul 21 2017 21:57:33 by "java_re" with MS VC++ 10.0 (VS2010)

time: Fri May 18 13:12:28 2018
elapsed time: 1 seconds (0d 0h 0m 1s)

