#
# There is insufficient memory for the Java Runtime Environment to continue.
# Native memory allocation (malloc) failed to allocate 1048576 bytes for AllocateHeap
# Possible reasons:
#   The system is out of physical RAM or swap space
#   In 32 bit mode, the process size limit was hit
# Possible solutions:
#   Reduce memory load on the system
#   Increase physical memory or swap space
#   Check if swap backing store is full
#   Use 64 bit Java on a 64 bit OS
#   Decrease Java heap size (-Xmx/-Xms)
#   Decrease number of Java threads
#   Decrease Java thread stack sizes (-Xss)
#   Set larger code cache with -XX:ReservedCodeCacheSize=
# This output file may be truncated or incomplete.
#
#  Out of Memory Error (memory/allocation.inline.hpp:61), pid=20816, tid=0x0000000000003c20
#
# JRE version:  (8.0_144-b01) (build )
# Java VM: Java HotSpot(TM) 64-Bit Server VM (25.144-b01 mixed mode windows-amd64 compressed oops)
# Failed to write core dump. Minidumps are not enabled by default on client versions of Windows
#

---------------  T H R E A D  ---------------

Current thread (0x00000000046ce000):  JavaThread "Unknown thread" [_thread_in_vm, id=15392, stack(0x00000000046d0000,0x00000000047d0000)]

Stack: [0x00000000046d0000,0x00000000047d0000]
[error occurred during error reporting (printing stack bounds), id 0xc0000005]

Native frames: (J=compiled Java code, j=interpreted, Vv=VM code, C=native code)


---------------  P R O C E S S  ---------------

Java Threads: ( => current thread )

Other Threads:

=>0x00000000046ce000 (exited) JavaThread "Unknown thread" [_thread_in_vm, id=15392, stack(0x00000000046d0000,0x00000000047d0000)]

VM state:not at safepoint (normal execution)

VM Mutex/Monitor currently owned by a thread: None

Heap:
 PSYoungGen      total 114688K, used 1966K [0x00000000eab00000, 0x00000000f2b00000, 0x0000000100000000)
  eden space 98304K, 2% used [0x00000000eab00000,0x00000000eaceb860,0x00000000f0b00000)
  from space 16384K, 0% used [0x00000000f1b00000,0x00000000f1b00000,0x00000000f2b00000)
  to   space 16384K, 0% used [0x00000000f0b00000,0x00000000f0b00000,0x00000000f1b00000)
 ParOldGen       total 262144K, used 0K [0x00000000c0000000, 0x00000000d0000000, 0x00000000eab00000)
  object space 262144K, 0% used [0x00000000c0000000,0x00000000c0000000,0x00000000d0000000)
 Metaspace       used 770K, capacity 4480K, committed 4480K, reserved 1056768K
  class space    used 75K, capacity 384K, committed 384K, reserved 1048576K

Card table byte_map: [0x0000000004c90000,0x0000000004ea0000] byte_map_base: 0x0000000004690000

Marking Bits: (ParMarkBitMap*) 0x000000005f69d850
 Begin Bits: [0x0000000005800000, 0x0000000006800000)
 End Bits:   [0x0000000006800000, 0x0000000007800000)

Polling page: 0x00000000044a0000

CodeCache: size=245760Kb used=328Kb max_used=328Kb free=245431Kb
 bounds [0x000000000f010000, 0x000000000f280000, 0x000000001e010000]
 total_blobs=58 nmethods=0 adapters=38
 compilation: enabled

Compilation events (0 events):
No events

GC Heap History (0 events):
No events

Deoptimization events (0 events):
No events

Internal exceptions (0 events):
No events

Events (10 events):
Event: 0.037 loading class java/lang/Short
Event: 0.038 loading class java/lang/Short done
Event: 0.038 loading class java/lang/Integer
Event: 0.038 loading class java/lang/Integer done
Event: 0.038 loading class java/lang/Long
Event: 0.038 loading class java/lang/Long done
Event: 0.039 loading class java/lang/NullPointerException
Event: 0.039 loading class java/lang/NullPointerException done
Event: 0.039 loading class java/lang/ArithmeticException
Event: 0.039 loading class java/lang/ArithmeticException done


Dynamic libraries:
0x00007ff7b36a0000 - 0x00007ff7b36d7000 	C:\java\jdk1.8.0_144\bin\java.exe
0x00007ffb7ed10000 - 0x00007ffb7eef0000 	C:\WINDOWS\SYSTEM32\ntdll.dll
0x00007ffb7e610000 - 0x00007ffb7e6be000 	C:\WINDOWS\System32\KERNEL32.DLL
0x00007ffb7b480000 - 0x00007ffb7b6e6000 	C:\WINDOWS\System32\KERNELBASE.dll
0x0000000063d40000 - 0x0000000063dd2000 	C:\WINDOWS\System32\SYSFER.DLL
0x00007ffb7e140000 - 0x00007ffb7e1e1000 	C:\WINDOWS\System32\ADVAPI32.dll
0x00007ffb7d7b0000 - 0x00007ffb7d84d000 	C:\WINDOWS\System32\msvcrt.dll
0x00007ffb7e0e0000 - 0x00007ffb7e13b000 	C:\WINDOWS\System32\sechost.dll
0x00007ffb7e6c0000 - 0x00007ffb7e7df000 	C:\WINDOWS\System32\RPCRT4.dll
0x00007ffb7d620000 - 0x00007ffb7d7af000 	C:\WINDOWS\System32\USER32.dll
0x00007ffb7b7a0000 - 0x00007ffb7b7c0000 	C:\WINDOWS\System32\win32u.dll
0x00007ffb7db20000 - 0x00007ffb7db48000 	C:\WINDOWS\System32\GDI32.dll
0x00007ffb7b1e0000 - 0x00007ffb7b373000 	C:\WINDOWS\System32\gdi32full.dll
0x00007ffb7b9f0000 - 0x00007ffb7ba8b000 	C:\WINDOWS\System32\msvcp_win.dll
0x00007ffb7b380000 - 0x00007ffb7b476000 	C:\WINDOWS\System32\ucrtbase.dll
0x00007ffb739f0000 - 0x00007ffb73c59000 	C:\WINDOWS\WinSxS\amd64_microsoft.windows.common-controls_6595b64144ccf1df_6.0.16299.309_none_15cfd4c4935e6b11\COMCTL32.dll
0x00007ffb7dcc0000 - 0x00007ffb7dfc8000 	C:\WINDOWS\System32\combase.dll
0x00007ffb7b110000 - 0x00007ffb7b182000 	C:\WINDOWS\System32\bcryptPrimitives.dll
0x00007ffb7e5d0000 - 0x00007ffb7e5fd000 	C:\WINDOWS\System32\IMM32.DLL
0x00007ffb709d0000 - 0x00007ffb70a05000 	C:\WINDOWS\SYSTEM32\EQDTPSpy.dll
0x00007ffb68a50000 - 0x00007ffb68bc2000 	C:\WINDOWS\SYSTEM32\EqDtpHook.dll
0x000000000f000000 - 0x000000000f006000 	C:\WINDOWS\SYSTEM32\detoured_EQ.dll
0x00007ffb75d30000 - 0x00007ffb75db6000 	C:\WINDOWS\SYSTEM32\WINSPOOL.DRV
0x00007ffb7a620000 - 0x00007ffb7a659000 	C:\WINDOWS\SYSTEM32\IPHLPAPI.DLL
0x00007ffb7ab60000 - 0x00007ffb7ab85000 	C:\WINDOWS\SYSTEM32\bcrypt.dll
0x000000005f720000 - 0x000000005f7f2000 	C:\java\jdk1.8.0_144\jre\bin\msvcr100.dll
0x000000005ee80000 - 0x000000005f71d000 	C:\java\jdk1.8.0_144\jre\bin\server\jvm.dll
0x00007ffb7e600000 - 0x00007ffb7e608000 	C:\WINDOWS\System32\PSAPI.DLL
0x00007ffb6fe20000 - 0x00007ffb6fe29000 	C:\WINDOWS\SYSTEM32\WSOCK32.dll
0x00007ffb7e360000 - 0x00007ffb7e3cc000 	C:\WINDOWS\System32\WS2_32.dll
0x00007ffb79050000 - 0x00007ffb79073000 	C:\WINDOWS\SYSTEM32\WINMM.dll
0x00007ffb75290000 - 0x00007ffb7529a000 	C:\WINDOWS\SYSTEM32\VERSION.dll
0x00007ffb78e80000 - 0x00007ffb78eaa000 	C:\WINDOWS\SYSTEM32\WINMMBASE.dll
0x00007ffb7b190000 - 0x00007ffb7b1da000 	C:\WINDOWS\System32\cfgmgr32.dll
0x000000005ee70000 - 0x000000005ee7f000 	C:\java\jdk1.8.0_144\jre\bin\verify.dll
0x000000005ee40000 - 0x000000005ee69000 	C:\java\jdk1.8.0_144\jre\bin\java.dll
0x000000005ee20000 - 0x000000005ee36000 	C:\java\jdk1.8.0_144\jre\bin\zip.dll

VM Arguments:
jvm_args: -Djava.awt.headless=true -Xmx1024M -Dfile.encoding=windows-1252 -Duser.country=US -Duser.language=en -Duser.variant 
java_command: com.android.dx.command.Main --dex --num-threads=4 --output C:\nspires\react-native\rnapp2\android\app\build\intermediates\pre-dexed\debug\javax.inject-1_87f6ee8d7d6eb1d6bab67df24a8b06853e74e72e.jar C:\Users\stislin\.gradle\caches\modules-2\files-2.1\javax.inject\javax.inject\1\6975da39a7040257bd51d21a231b76c915872d38\javax.inject-1.jar
java_class_path (initial): C:\Users\stislin\AppData\Local\Android\Sdk\build-tools\23.0.1\lib\dx.jar
Launcher Type: SUN_STANDARD

Environment Variables:
JAVA_HOME=C:\java\jdk1.8.0_144
CLASSPATH=c:\nspires\react-native\rnapp2\android\\gradle\wrapper\gradle-wrapper.jar
PATH=C:\Program Files\Docker\Docker\Resources\bin;C:\app\local-admin\product\11.2.0\client_3\bin;C:\app\local-admin\product\11.2.0\client_2;C:\app\local-admin\product\11.2.0\client_1;C:\app\local-admin\product\12.2.0\client_1;C:\ProgramData\Oracle\Java\javapath;C:\Program Files (x86)\Intel\iCLS Client\;C:\Program Files\Intel\iCLS Client\;C:\WINDOWS\system32;C:\WINDOWS;C:\WINDOWS\System32\Wbem;C:\WINDOWS\System32\WindowsPowerShell\v1.0\;C:\Program Files (x86)\Intel\Intel(R) Management Engine Components\DAL;C:\Program Files\Intel\Intel(R) Management Engine Components\DAL;C:\Program Files (x86)\Intel\Intel(R) Management Engine Components\IPT;C:\Program Files\Intel\Intel(R) Management Engine Components\IPT;C:\bc\Geth;C:\nodejs\;C:\Users\stislin\AppData\Roaming\npm;C:\Program Files (x86)\Windows Kits\8.1\Windows Performance Toolkit\;C:\Git\cmd;C:\Users\stislin\AppData\Roaming\npm;c:\minikube;C:\Program Files\TortoiseSVN\bin;c:\php;C:\Program Files\Oracle\VirtualBox522;C:\Users\stislin\AppData\Local\Android\Sdk\tools;C:\Users\stislin\AppData\Local\Android\Sdk\platform-tools;C:\Users\stislin\AppData\Local\Microsoft\WindowsApps;C:\Users\stislin\AppData\Roaming\npm;C:\Users\stislin\AppData\Local\atom\bin;C:\Git\cmd
USERNAME=stislin
OS=Windows_NT
PROCESSOR_IDENTIFIER=Intel64 Family 6 Model 94 Stepping 3, GenuineIntel



---------------  S Y S T E M  ---------------

OS: Windows 10.0 , 64 bit Build 16299 (10.0.16299.15)

CPU:total 8 (initial active 8) (4 cores per cpu, 2 threads per core) family 6 model 94 stepping 3, cmov, cx8, fxsr, mmx, sse, sse2, sse3, ssse3, sse4.1, sse4.2, popcnt, avx, avx2, aes, clmul, erms, rtm, 3dnowpref, lzcnt, ht, tsc, tscinvbit, bmi1, bmi2, adx

Memory: 4k page, physical 25055244k(4588268k free), swap 29104140k(20884k free)

vm_info: Java HotSpot(TM) 64-Bit Server VM (25.144-b01) for windows-amd64 JRE (1.8.0_144-b01), built on Jul 21 2017 21:57:33 by "java_re" with MS VC++ 10.0 (VS2010)

time: Thu May 17 15:29:05 2018
elapsed time: 0 seconds (0d 0h 0m 0s)

